[0.449s] DEBUG:colcon:Command line arguments: ['/usr/bin/colcon', 'build']
[0.449s] DEBUG:colcon:Parsed command line arguments: Namespace(log_base=None, log_level=None, verb_name='build', build_base='build', install_base='install', merge_install=False, symlink_install=False, test_result_base=None, continue_on_error=False, executor='parallel', parallel_workers=8, event_handlers=None, ignore_user_meta=False, metas=['./colcon.meta'], base_paths=['.'], packages_ignore=None, packages_ignore_regex=None, paths=None, packages_up_to=None, packages_up_to_regex=None, packages_above=None, packages_above_and_dependencies=None, packages_above_depth=None, packages_select_by_dep=None, packages_skip_by_dep=None, packages_skip_up_to=None, packages_select_build_failed=False, packages_skip_build_finished=False, packages_select_test_failures=False, packages_skip_test_passed=False, packages_select=None, packages_skip=None, packages_select_regex=None, packages_skip_regex=None, packages_start=None, packages_end=None, allow_overriding=[], cmake_args=None, cmake_target=None, cmake_target_skip_unavailable=False, cmake_clean_cache=False, cmake_clean_first=False, cmake_force_configure=False, ament_cmake_args=None, catkin_cmake_args=None, catkin_skip_building_tests=False, mixin_files=None, mixin=None, verb_parser=<colcon_mixin.mixin.mixin_argument.MixinArgumentDecorator object at 0x7f30c589f070>, verb_extension=<colcon_core.verb.build.BuildVerb object at 0x7f30c61c2860>, main=<bound method BuildVerb.main of <colcon_core.verb.build.BuildVerb object at 0x7f30c61c2860>>, mixin_verb=('build',))
[0.488s] Level 1:colcon.colcon_core.package_discovery:discover_packages(colcon_meta) check parameters
[0.488s] Level 1:colcon.colcon_core.package_discovery:discover_packages(recursive) check parameters
[0.488s] Level 1:colcon.colcon_core.package_discovery:discover_packages(ignore) check parameters
[0.488s] Level 1:colcon.colcon_core.package_discovery:discover_packages(path) check parameters
[0.488s] Level 1:colcon.colcon_core.package_discovery:discover_packages(colcon_meta) discover
[0.488s] Level 1:colcon.colcon_core.package_discovery:discover_packages(recursive) discover
[0.488s] INFO:colcon.colcon_core.package_discovery:Crawling recursively for packages in '/home/alyssa/homework3-alyssa225'
[0.489s] Level 1:colcon.colcon_core.package_identification:_identify(.) by extensions ['ignore', 'ignore_ament_install']
[0.489s] Level 1:colcon.colcon_core.package_identification:_identify(.) by extension 'ignore'
[0.489s] Level 1:colcon.colcon_core.package_identification:_identify(.) by extension 'ignore_ament_install'
[0.489s] Level 1:colcon.colcon_core.package_identification:_identify(.) by extensions ['colcon_pkg']
[0.489s] Level 1:colcon.colcon_core.package_identification:_identify(.) by extension 'colcon_pkg'
[0.489s] Level 1:colcon.colcon_core.package_identification:_identify(.) by extensions ['colcon_meta']
[0.489s] Level 1:colcon.colcon_core.package_identification:_identify(.) by extension 'colcon_meta'
[0.489s] Level 1:colcon.colcon_core.package_identification:_identify(.) by extensions ['ros']
[0.489s] Level 1:colcon.colcon_core.package_identification:_identify(.) by extension 'ros'
[0.506s] Level 1:colcon.colcon_core.package_identification:_identify(.) by extensions ['cmake', 'python']
[0.506s] Level 1:colcon.colcon_core.package_identification:_identify(.) by extension 'cmake'
[0.506s] Level 1:colcon.colcon_core.package_identification:_identify(.) by extension 'python'
[0.506s] Level 1:colcon.colcon_core.package_identification:_identify(.) by extensions ['python_setup_py']
[0.506s] Level 1:colcon.colcon_core.package_identification:_identify(.) by extension 'python_setup_py'
[0.506s] Level 1:colcon.colcon_core.package_identification:_identify(arm_move) by extensions ['ignore', 'ignore_ament_install']
[0.506s] Level 1:colcon.colcon_core.package_identification:_identify(arm_move) by extension 'ignore'
[0.506s] Level 1:colcon.colcon_core.package_identification:_identify(arm_move) by extension 'ignore_ament_install'
[0.506s] Level 1:colcon.colcon_core.package_identification:_identify(arm_move) by extensions ['colcon_pkg']
[0.506s] Level 1:colcon.colcon_core.package_identification:_identify(arm_move) by extension 'colcon_pkg'
[0.507s] Level 1:colcon.colcon_core.package_identification:_identify(arm_move) by extensions ['colcon_meta']
[0.507s] Level 1:colcon.colcon_core.package_identification:_identify(arm_move) by extension 'colcon_meta'
[0.507s] Level 1:colcon.colcon_core.package_identification:_identify(arm_move) by extensions ['ros']
[0.507s] Level 1:colcon.colcon_core.package_identification:_identify(arm_move) by extension 'ros'
[0.510s] DEBUG:colcon.colcon_core.package_identification:Package 'arm_move' with type 'ros.ament_python' and name 'arm_move'
[0.510s] Level 1:colcon.colcon_core.package_identification:_identify(build) by extensions ['ignore', 'ignore_ament_install']
[0.510s] Level 1:colcon.colcon_core.package_identification:_identify(build) by extension 'ignore'
[0.510s] Level 1:colcon.colcon_core.package_identification:_identify(build) ignored
[0.510s] Level 1:colcon.colcon_core.package_identification:_identify(diff_drive) by extensions ['ignore', 'ignore_ament_install']
[0.510s] Level 1:colcon.colcon_core.package_identification:_identify(diff_drive) by extension 'ignore'
[0.510s] Level 1:colcon.colcon_core.package_identification:_identify(diff_drive) by extension 'ignore_ament_install'
[0.511s] Level 1:colcon.colcon_core.package_identification:_identify(diff_drive) by extensions ['colcon_pkg']
[0.511s] Level 1:colcon.colcon_core.package_identification:_identify(diff_drive) by extension 'colcon_pkg'
[0.511s] Level 1:colcon.colcon_core.package_identification:_identify(diff_drive) by extensions ['colcon_meta']
[0.511s] Level 1:colcon.colcon_core.package_identification:_identify(diff_drive) by extension 'colcon_meta'
[0.511s] Level 1:colcon.colcon_core.package_identification:_identify(diff_drive) by extensions ['ros']
[0.511s] Level 1:colcon.colcon_core.package_identification:_identify(diff_drive) by extension 'ros'
[0.512s] DEBUG:colcon.colcon_core.package_identification:Package 'diff_drive' with type 'ros.ament_python' and name 'diff_drive'
[0.512s] Level 1:colcon.colcon_core.package_identification:_identify(install) by extensions ['ignore', 'ignore_ament_install']
[0.512s] Level 1:colcon.colcon_core.package_identification:_identify(install) by extension 'ignore'
[0.513s] Level 1:colcon.colcon_core.package_identification:_identify(install) ignored
[0.513s] Level 1:colcon.colcon_core.package_identification:_identify(log) by extensions ['ignore', 'ignore_ament_install']
[0.513s] Level 1:colcon.colcon_core.package_identification:_identify(log) by extension 'ignore'
[0.513s] Level 1:colcon.colcon_core.package_identification:_identify(log) ignored
[0.513s] Level 1:colcon.colcon_core.package_discovery:discover_packages(recursive) using defaults
[0.513s] Level 1:colcon.colcon_core.package_discovery:discover_packages(ignore) discover
[0.513s] Level 1:colcon.colcon_core.package_discovery:discover_packages(ignore) using defaults
[0.513s] Level 1:colcon.colcon_core.package_discovery:discover_packages(path) discover
[0.513s] Level 1:colcon.colcon_core.package_discovery:discover_packages(path) using defaults
[0.541s] Level 1:colcon.colcon_core.package_discovery:discover_packages(prefix_path) check parameters
[0.541s] Level 1:colcon.colcon_core.package_discovery:discover_packages(prefix_path) discover
[0.544s] DEBUG:colcon.colcon_installed_package_information.package_discovery:Found 2 installed packages in /home/alyssa/homework3-alyssa225/install
[0.545s] DEBUG:colcon.colcon_installed_package_information.package_discovery:Found 4 installed packages in /home/alyssa/homework2-alyssa225/install
[0.549s] DEBUG:colcon.colcon_installed_package_information.package_discovery:Found 390 installed packages in /opt/ros/humble
[0.553s] Level 1:colcon.colcon_core.package_discovery:discover_packages(prefix_path) using defaults
[0.655s] Level 5:colcon.colcon_core.verb:set package 'arm_move' build argument 'cmake_args' from command line to 'None'
[0.655s] Level 5:colcon.colcon_core.verb:set package 'arm_move' build argument 'cmake_target' from command line to 'None'
[0.655s] Level 5:colcon.colcon_core.verb:set package 'arm_move' build argument 'cmake_target_skip_unavailable' from command line to 'False'
[0.655s] Level 5:colcon.colcon_core.verb:set package 'arm_move' build argument 'cmake_clean_cache' from command line to 'False'
[0.655s] Level 5:colcon.colcon_core.verb:set package 'arm_move' build argument 'cmake_clean_first' from command line to 'False'
[0.655s] Level 5:colcon.colcon_core.verb:set package 'arm_move' build argument 'cmake_force_configure' from command line to 'False'
[0.655s] Level 5:colcon.colcon_core.verb:set package 'arm_move' build argument 'ament_cmake_args' from command line to 'None'
[0.655s] Level 5:colcon.colcon_core.verb:set package 'arm_move' build argument 'catkin_cmake_args' from command line to 'None'
[0.655s] Level 5:colcon.colcon_core.verb:set package 'arm_move' build argument 'catkin_skip_building_tests' from command line to 'False'
[0.656s] DEBUG:colcon.colcon_core.verb:Building package 'arm_move' with the following arguments: {'ament_cmake_args': None, 'build_base': '/home/alyssa/homework3-alyssa225/build/arm_move', 'catkin_cmake_args': None, 'catkin_skip_building_tests': False, 'cmake_args': None, 'cmake_clean_cache': False, 'cmake_clean_first': False, 'cmake_force_configure': False, 'cmake_target': None, 'cmake_target_skip_unavailable': False, 'install_base': '/home/alyssa/homework3-alyssa225/install/arm_move', 'merge_install': False, 'path': '/home/alyssa/homework3-alyssa225/arm_move', 'symlink_install': False, 'test_result_base': None}
[0.657s] Level 5:colcon.colcon_core.verb:set package 'diff_drive' build argument 'cmake_args' from command line to 'None'
[0.657s] Level 5:colcon.colcon_core.verb:set package 'diff_drive' build argument 'cmake_target' from command line to 'None'
[0.657s] Level 5:colcon.colcon_core.verb:set package 'diff_drive' build argument 'cmake_target_skip_unavailable' from command line to 'False'
[0.657s] Level 5:colcon.colcon_core.verb:set package 'diff_drive' build argument 'cmake_clean_cache' from command line to 'False'
[0.657s] Level 5:colcon.colcon_core.verb:set package 'diff_drive' build argument 'cmake_clean_first' from command line to 'False'
[0.657s] Level 5:colcon.colcon_core.verb:set package 'diff_drive' build argument 'cmake_force_configure' from command line to 'False'
[0.657s] Level 5:colcon.colcon_core.verb:set package 'diff_drive' build argument 'ament_cmake_args' from command line to 'None'
[0.657s] Level 5:colcon.colcon_core.verb:set package 'diff_drive' build argument 'catkin_cmake_args' from command line to 'None'
[0.657s] Level 5:colcon.colcon_core.verb:set package 'diff_drive' build argument 'catkin_skip_building_tests' from command line to 'False'
[0.657s] DEBUG:colcon.colcon_core.verb:Building package 'diff_drive' with the following arguments: {'ament_cmake_args': None, 'build_base': '/home/alyssa/homework3-alyssa225/build/diff_drive', 'catkin_cmake_args': None, 'catkin_skip_building_tests': False, 'cmake_args': None, 'cmake_clean_cache': False, 'cmake_clean_first': False, 'cmake_force_configure': False, 'cmake_target': None, 'cmake_target_skip_unavailable': False, 'install_base': '/home/alyssa/homework3-alyssa225/install/diff_drive', 'merge_install': False, 'path': '/home/alyssa/homework3-alyssa225/diff_drive', 'symlink_install': False, 'test_result_base': None}
[0.658s] INFO:colcon.colcon_core.executor:Executing jobs using 'parallel' executor
[0.664s] DEBUG:colcon.colcon_parallel_executor.executor.parallel:run_until_complete
[0.664s] INFO:colcon.colcon_ros.task.ament_python.build:Building ROS package in '/home/alyssa/homework3-alyssa225/arm_move' with build type 'ament_python'
[0.665s] Level 1:colcon.colcon_core.shell:create_environment_hook('arm_move', 'ament_prefix_path')
[0.670s] INFO:colcon.colcon_core.plugin_system:Skipping extension 'colcon_core.shell.bat': Not used on non-Windows systems
[0.671s] INFO:colcon.colcon_core.shell:Creating environment hook '/home/alyssa/homework3-alyssa225/install/arm_move/share/arm_move/hook/ament_prefix_path.ps1'
[0.671s] INFO:colcon.colcon_core.shell:Creating environment descriptor '/home/alyssa/homework3-alyssa225/install/arm_move/share/arm_move/hook/ament_prefix_path.dsv'
[0.672s] INFO:colcon.colcon_core.shell:Creating environment hook '/home/alyssa/homework3-alyssa225/install/arm_move/share/arm_move/hook/ament_prefix_path.sh'
[0.674s] INFO:colcon.colcon_core.shell:Skip shell extension 'powershell' for command environment: Not usable outside of PowerShell
[0.674s] DEBUG:colcon.colcon_core.shell:Skip shell extension 'dsv' for command environment
[0.683s] INFO:colcon.colcon_ros.task.ament_python.build:Building ROS package in '/home/alyssa/homework3-alyssa225/diff_drive' with build type 'ament_python'
[0.683s] Level 1:colcon.colcon_core.shell:create_environment_hook('diff_drive', 'ament_prefix_path')
[0.685s] INFO:colcon.colcon_core.shell:Creating environment hook '/home/alyssa/homework3-alyssa225/install/diff_drive/share/diff_drive/hook/ament_prefix_path.ps1'
[0.686s] INFO:colcon.colcon_core.shell:Creating environment descriptor '/home/alyssa/homework3-alyssa225/install/diff_drive/share/diff_drive/hook/ament_prefix_path.dsv'
[0.687s] INFO:colcon.colcon_core.shell:Creating environment hook '/home/alyssa/homework3-alyssa225/install/diff_drive/share/diff_drive/hook/ament_prefix_path.sh'
[0.688s] INFO:colcon.colcon_core.shell:Skip shell extension 'powershell' for command environment: Not usable outside of PowerShell
[0.688s] DEBUG:colcon.colcon_core.shell:Skip shell extension 'dsv' for command environment
[1.123s] INFO:colcon.colcon_core.task.python.build:Building Python package in '/home/alyssa/homework3-alyssa225/arm_move'
[1.124s] INFO:colcon.colcon_core.shell:Skip shell extension 'powershell' for command environment: Not usable outside of PowerShell
[1.124s] DEBUG:colcon.colcon_core.shell:Skip shell extension 'dsv' for command environment
[1.540s] INFO:colcon.colcon_core.task.python.build:Building Python package in '/home/alyssa/homework3-alyssa225/diff_drive'
[1.543s] INFO:colcon.colcon_core.shell:Skip shell extension 'powershell' for command environment: Not usable outside of PowerShell
[1.543s] DEBUG:colcon.colcon_core.shell:Skip shell extension 'dsv' for command environment
[2.120s] DEBUG:colcon.colcon_core.event_handler.log_command:Invoking command in '/home/alyssa/homework3-alyssa225/arm_move': PYTHONPATH=/home/alyssa/homework3-alyssa225/install/arm_move/lib/python3.10/site-packages:${PYTHONPATH} /usr/bin/python3 setup.py egg_info --egg-base ../build/arm_move build --build-base /home/alyssa/homework3-alyssa225/build/arm_move/build install --prefix /home/alyssa/homework3-alyssa225/install/arm_move --record /home/alyssa/homework3-alyssa225/build/arm_move/install.log --single-version-externally-managed
[2.142s] DEBUG:colcon.colcon_core.event_handler.log_command:Invoking command in '/home/alyssa/homework3-alyssa225/diff_drive': PYTHONPATH=/home/alyssa/homework3-alyssa225/install/diff_drive/lib/python3.10/site-packages:${PYTHONPATH} /usr/bin/python3 setup.py egg_info --egg-base ../build/diff_drive build --build-base /home/alyssa/homework3-alyssa225/build/diff_drive/build install --prefix /home/alyssa/homework3-alyssa225/install/diff_drive --record /home/alyssa/homework3-alyssa225/build/diff_drive/install.log --single-version-externally-managed
[2.615s] DEBUG:colcon.colcon_core.event_handler.log_command:Invoked command in '/home/alyssa/homework3-alyssa225/arm_move' returned '0': PYTHONPATH=/home/alyssa/homework3-alyssa225/install/arm_move/lib/python3.10/site-packages:${PYTHONPATH} /usr/bin/python3 setup.py egg_info --egg-base ../build/arm_move build --build-base /home/alyssa/homework3-alyssa225/build/arm_move/build install --prefix /home/alyssa/homework3-alyssa225/install/arm_move --record /home/alyssa/homework3-alyssa225/build/arm_move/install.log --single-version-externally-managed
[2.622s] Level 1:colcon.colcon_core.environment:checking '/home/alyssa/homework3-alyssa225/install/arm_move' for CMake module files
[2.622s] Level 1:colcon.colcon_core.environment:checking '/home/alyssa/homework3-alyssa225/install/arm_move' for CMake config files
[2.624s] Level 1:colcon.colcon_core.environment:checking '/home/alyssa/homework3-alyssa225/install/arm_move/lib'
[2.624s] Level 1:colcon.colcon_core.environment:checking '/home/alyssa/homework3-alyssa225/install/arm_move/bin'
[2.624s] Level 1:colcon.colcon_core.environment:checking '/home/alyssa/homework3-alyssa225/install/arm_move/lib/pkgconfig/arm_move.pc'
[2.625s] Level 1:colcon.colcon_core.environment:checking '/home/alyssa/homework3-alyssa225/install/arm_move/lib/python3.10/site-packages'
[2.625s] Level 1:colcon.colcon_core.shell:create_environment_hook('arm_move', 'pythonpath')
[2.628s] INFO:colcon.colcon_core.shell:Creating environment hook '/home/alyssa/homework3-alyssa225/install/arm_move/share/arm_move/hook/pythonpath.ps1'
[2.629s] INFO:colcon.colcon_core.shell:Creating environment descriptor '/home/alyssa/homework3-alyssa225/install/arm_move/share/arm_move/hook/pythonpath.dsv'
[2.629s] INFO:colcon.colcon_core.shell:Creating environment hook '/home/alyssa/homework3-alyssa225/install/arm_move/share/arm_move/hook/pythonpath.sh'
[2.630s] Level 1:colcon.colcon_core.environment:checking '/home/alyssa/homework3-alyssa225/install/arm_move/bin'
[2.631s] Level 1:colcon.colcon_core.environment:create_environment_scripts_only(arm_move)
[2.634s] INFO:colcon.colcon_core.shell:Creating package script '/home/alyssa/homework3-alyssa225/install/arm_move/share/arm_move/package.ps1'
[2.636s] INFO:colcon.colcon_core.shell:Creating package descriptor '/home/alyssa/homework3-alyssa225/install/arm_move/share/arm_move/package.dsv'
[2.637s] INFO:colcon.colcon_core.shell:Creating package script '/home/alyssa/homework3-alyssa225/install/arm_move/share/arm_move/package.sh'
[2.638s] INFO:colcon.colcon_core.shell:Creating package script '/home/alyssa/homework3-alyssa225/install/arm_move/share/arm_move/package.bash'
[2.640s] INFO:colcon.colcon_core.shell:Creating package script '/home/alyssa/homework3-alyssa225/install/arm_move/share/arm_move/package.zsh'
[2.641s] Level 1:colcon.colcon_core.environment:create_file_with_runtime_dependencies(/home/alyssa/homework3-alyssa225/install/arm_move/share/colcon-core/packages/arm_move)
[2.664s] Level 1:colcon.colcon_core.environment:checking '/home/alyssa/homework3-alyssa225/install/diff_drive' for CMake module files
[2.666s] DEBUG:colcon.colcon_core.event_handler.log_command:Invoked command in '/home/alyssa/homework3-alyssa225/diff_drive' returned '0': PYTHONPATH=/home/alyssa/homework3-alyssa225/install/diff_drive/lib/python3.10/site-packages:${PYTHONPATH} /usr/bin/python3 setup.py egg_info --egg-base ../build/diff_drive build --build-base /home/alyssa/homework3-alyssa225/build/diff_drive/build install --prefix /home/alyssa/homework3-alyssa225/install/diff_drive --record /home/alyssa/homework3-alyssa225/build/diff_drive/install.log --single-version-externally-managed
[2.666s] Level 1:colcon.colcon_core.environment:checking '/home/alyssa/homework3-alyssa225/install/diff_drive' for CMake config files
[2.667s] Level 1:colcon.colcon_core.environment:checking '/home/alyssa/homework3-alyssa225/install/diff_drive/lib'
[2.667s] Level 1:colcon.colcon_core.environment:checking '/home/alyssa/homework3-alyssa225/install/diff_drive/bin'
[2.668s] Level 1:colcon.colcon_core.environment:checking '/home/alyssa/homework3-alyssa225/install/diff_drive/lib/pkgconfig/diff_drive.pc'
[2.668s] Level 1:colcon.colcon_core.environment:checking '/home/alyssa/homework3-alyssa225/install/diff_drive/lib/python3.10/site-packages'
[2.668s] Level 1:colcon.colcon_core.shell:create_environment_hook('diff_drive', 'pythonpath')
[2.671s] INFO:colcon.colcon_core.shell:Creating environment hook '/home/alyssa/homework3-alyssa225/install/diff_drive/share/diff_drive/hook/pythonpath.ps1'
[2.672s] INFO:colcon.colcon_core.shell:Creating environment descriptor '/home/alyssa/homework3-alyssa225/install/diff_drive/share/diff_drive/hook/pythonpath.dsv'
[2.672s] INFO:colcon.colcon_core.shell:Creating environment hook '/home/alyssa/homework3-alyssa225/install/diff_drive/share/diff_drive/hook/pythonpath.sh'
[2.673s] Level 1:colcon.colcon_core.environment:checking '/home/alyssa/homework3-alyssa225/install/diff_drive/bin'
[2.673s] Level 1:colcon.colcon_core.environment:create_environment_scripts_only(diff_drive)
[2.675s] INFO:colcon.colcon_core.shell:Creating package script '/home/alyssa/homework3-alyssa225/install/diff_drive/share/diff_drive/package.ps1'
[2.676s] INFO:colcon.colcon_core.shell:Creating package descriptor '/home/alyssa/homework3-alyssa225/install/diff_drive/share/diff_drive/package.dsv'
[2.677s] INFO:colcon.colcon_core.shell:Creating package script '/home/alyssa/homework3-alyssa225/install/diff_drive/share/diff_drive/package.sh'
[2.677s] INFO:colcon.colcon_core.shell:Creating package script '/home/alyssa/homework3-alyssa225/install/diff_drive/share/diff_drive/package.bash'
[2.678s] INFO:colcon.colcon_core.shell:Creating package script '/home/alyssa/homework3-alyssa225/install/diff_drive/share/diff_drive/package.zsh'
[2.678s] Level 1:colcon.colcon_core.environment:create_file_with_runtime_dependencies(/home/alyssa/homework3-alyssa225/install/diff_drive/share/colcon-core/packages/diff_drive)
[2.679s] DEBUG:colcon.colcon_parallel_executor.executor.parallel:closing loop
[2.679s] DEBUG:colcon.colcon_parallel_executor.executor.parallel:loop closed
[2.679s] DEBUG:colcon.colcon_parallel_executor.executor.parallel:run_until_complete finished with '0'
[2.680s] DEBUG:colcon.colcon_core.event_reactor:joining thread
[2.690s] INFO:colcon.colcon_core.plugin_system:Skipping extension 'colcon_notification.desktop_notification.terminal_notifier': Not used on non-Darwin systems
[2.690s] INFO:colcon.colcon_core.plugin_system:Skipping extension 'colcon_notification.desktop_notification.win32': Not used on non-Windows systems
[2.690s] INFO:colcon.colcon_notification.desktop_notification:Sending desktop notification using 'notify2'
[2.703s] DEBUG:colcon.colcon_core.event_reactor:joined thread
[2.706s] INFO:colcon.colcon_core.shell:Creating prefix script '/home/alyssa/homework3-alyssa225/install/local_setup.ps1'
[2.708s] INFO:colcon.colcon_core.shell:Creating prefix util module '/home/alyssa/homework3-alyssa225/install/_local_setup_util_ps1.py'
[2.711s] INFO:colcon.colcon_core.shell:Creating prefix chain script '/home/alyssa/homework3-alyssa225/install/setup.ps1'
[2.714s] INFO:colcon.colcon_core.shell:Creating prefix script '/home/alyssa/homework3-alyssa225/install/local_setup.sh'
[2.715s] INFO:colcon.colcon_core.shell:Creating prefix util module '/home/alyssa/homework3-alyssa225/install/_local_setup_util_sh.py'
[2.716s] INFO:colcon.colcon_core.shell:Creating prefix chain script '/home/alyssa/homework3-alyssa225/install/setup.sh'
[2.719s] INFO:colcon.colcon_core.shell:Creating prefix script '/home/alyssa/homework3-alyssa225/install/local_setup.bash'
[2.720s] INFO:colcon.colcon_core.shell:Creating prefix chain script '/home/alyssa/homework3-alyssa225/install/setup.bash'
[2.722s] INFO:colcon.colcon_core.shell:Creating prefix script '/home/alyssa/homework3-alyssa225/install/local_setup.zsh'
[2.722s] INFO:colcon.colcon_core.shell:Creating prefix chain script '/home/alyssa/homework3-alyssa225/install/setup.zsh'
