[0.998s] Invoking command in '/home/alyssa/homework3-alyssa225/arm_move': PYTHONPATH=/home/alyssa/homework3-alyssa225/install/arm_move/lib/python3.10/site-packages:${PYTHONPATH} /usr/bin/python3 setup.py egg_info --egg-base ../build/arm_move build --build-base /home/alyssa/homework3-alyssa225/build/arm_move/build install --prefix /home/alyssa/homework3-alyssa225/install/arm_move --record /home/alyssa/homework3-alyssa225/build/arm_move/install.log --single-version-externally-managed
[1.268s] running egg_info
[1.269s] writing ../build/arm_move/arm_move.egg-info/PKG-INFO
[1.269s] writing dependency_links to ../build/arm_move/arm_move.egg-info/dependency_links.txt
[1.270s] writing entry points to ../build/arm_move/arm_move.egg-info/entry_points.txt
[1.270s] writing requirements to ../build/arm_move/arm_move.egg-info/requires.txt
[1.270s] writing top-level names to ../build/arm_move/arm_move.egg-info/top_level.txt
[1.272s] reading manifest file '../build/arm_move/arm_move.egg-info/SOURCES.txt'
[1.273s] writing manifest file '../build/arm_move/arm_move.egg-info/SOURCES.txt'
[1.274s] running build
[1.274s] running build_py
[1.274s] running install
[1.274s] /usr/lib/python3/dist-packages/setuptools/command/install.py:34: SetuptoolsDeprecationWarning: setup.py install is deprecated. Use build and pip and other standards-based tools.
[1.274s]   warnings.warn(
[1.275s] running install_lib
[1.276s] running install_data
[1.277s] running install_egg_info
[1.279s] removing '/home/alyssa/homework3-alyssa225/install/arm_move/lib/python3.10/site-packages/arm_move-0.0.0-py3.10.egg-info' (and everything under it)
[1.280s] Copying ../build/arm_move/arm_move.egg-info to /home/alyssa/homework3-alyssa225/install/arm_move/lib/python3.10/site-packages/arm_move-0.0.0-py3.10.egg-info
[1.281s] running install_scripts
[1.313s] writing list of installed files to '/home/alyssa/homework3-alyssa225/build/arm_move/install.log'
[1.357s] Invoked command in '/home/alyssa/homework3-alyssa225/arm_move' returned '0': PYTHONPATH=/home/alyssa/homework3-alyssa225/install/arm_move/lib/python3.10/site-packages:${PYTHONPATH} /usr/bin/python3 setup.py egg_info --egg-base ../build/arm_move build --build-base /home/alyssa/homework3-alyssa225/build/arm_move/build install --prefix /home/alyssa/homework3-alyssa225/install/arm_move --record /home/alyssa/homework3-alyssa225/build/arm_move/install.log --single-version-externally-managed
