running egg_info
writing ../build/diff_drive/diff_drive.egg-info/PKG-INFO
writing dependency_links to ../build/diff_drive/diff_drive.egg-info/dependency_links.txt
writing entry points to ../build/diff_drive/diff_drive.egg-info/entry_points.txt
writing requirements to ../build/diff_drive/diff_drive.egg-info/requires.txt
writing top-level names to ../build/diff_drive/diff_drive.egg-info/top_level.txt
reading manifest file '../build/diff_drive/diff_drive.egg-info/SOURCES.txt'
writing manifest file '../build/diff_drive/diff_drive.egg-info/SOURCES.txt'
running build
running build_py
running install
running install_lib
running install_data
copying launch/ddrive.launch.py -> /home/alyssa/homework3-alyssa225/install/diff_drive/share/diff_drive/launch
running install_egg_info
removing '/home/alyssa/homework3-alyssa225/install/diff_drive/lib/python3.10/site-packages/diff_drive-0.0.0-py3.10.egg-info' (and everything under it)
Copying ../build/diff_drive/diff_drive.egg-info to /home/alyssa/homework3-alyssa225/install/diff_drive/lib/python3.10/site-packages/diff_drive-0.0.0-py3.10.egg-info
running install_scripts
Installing turtle_robot script to /home/alyssa/homework3-alyssa225/install/diff_drive/lib/diff_drive
writing list of installed files to '/home/alyssa/homework3-alyssa225/build/diff_drive/install.log'
