[0.807s] Invoking command in '/home/alyssa/homework3-alyssa225/diff_drive': PYTHONPATH=/home/alyssa/homework3-alyssa225/install/diff_drive/lib/python3.10/site-packages:${PYTHONPATH} /usr/bin/python3 setup.py egg_info --egg-base ../build/diff_drive build --build-base /home/alyssa/homework3-alyssa225/build/diff_drive/build install --prefix /home/alyssa/homework3-alyssa225/install/diff_drive --record /home/alyssa/homework3-alyssa225/build/diff_drive/install.log --single-version-externally-managed
[1.043s] running egg_info
[1.044s] writing ../build/diff_drive/diff_drive.egg-info/PKG-INFO
[1.045s] writing dependency_links to ../build/diff_drive/diff_drive.egg-info/dependency_links.txt
[1.045s] writing entry points to ../build/diff_drive/diff_drive.egg-info/entry_points.txt
[1.045s] writing requirements to ../build/diff_drive/diff_drive.egg-info/requires.txt
[1.045s] writing top-level names to ../build/diff_drive/diff_drive.egg-info/top_level.txt
[1.048s] reading manifest file '../build/diff_drive/diff_drive.egg-info/SOURCES.txt'
[1.049s] writing manifest file '../build/diff_drive/diff_drive.egg-info/SOURCES.txt'
[1.049s] running build
[1.049s] running build_py
[1.050s] running install
[1.051s] /usr/lib/python3/dist-packages/setuptools/command/install.py:34: SetuptoolsDeprecationWarning: setup.py install is deprecated. Use build and pip and other standards-based tools.
[1.051s]   warnings.warn(
[1.051s] running install_lib
[1.052s] running install_data
[1.053s] copying launch/ddrive.launch.py -> /home/alyssa/homework3-alyssa225/install/diff_drive/share/diff_drive/launch
[1.054s] running install_egg_info
[1.055s] removing '/home/alyssa/homework3-alyssa225/install/diff_drive/lib/python3.10/site-packages/diff_drive-0.0.0-py3.10.egg-info' (and everything under it)
[1.056s] Copying ../build/diff_drive/diff_drive.egg-info to /home/alyssa/homework3-alyssa225/install/diff_drive/lib/python3.10/site-packages/diff_drive-0.0.0-py3.10.egg-info
[1.057s] running install_scripts
[1.082s] Installing turtle_robot script to /home/alyssa/homework3-alyssa225/install/diff_drive/lib/diff_drive
[1.082s] writing list of installed files to '/home/alyssa/homework3-alyssa225/build/diff_drive/install.log'
[1.108s] Invoked command in '/home/alyssa/homework3-alyssa225/diff_drive' returned '0': PYTHONPATH=/home/alyssa/homework3-alyssa225/install/diff_drive/lib/python3.10/site-packages:${PYTHONPATH} /usr/bin/python3 setup.py egg_info --egg-base ../build/diff_drive build --build-base /home/alyssa/homework3-alyssa225/build/diff_drive/build install --prefix /home/alyssa/homework3-alyssa225/install/diff_drive --record /home/alyssa/homework3-alyssa225/build/diff_drive/install.log --single-version-externally-managed
