[0.837s] Invoking command in '/home/alyssa/homework3-alyssa225/diff_drive': PYTHONPATH=/home/alyssa/homework3-alyssa225/install/diff_drive/lib/python3.10/site-packages:${PYTHONPATH} /usr/bin/python3 setup.py egg_info --egg-base ../build/diff_drive build --build-base /home/alyssa/homework3-alyssa225/build/diff_drive/build install --prefix /home/alyssa/homework3-alyssa225/install/diff_drive --record /home/alyssa/homework3-alyssa225/build/diff_drive/install.log --single-version-externally-managed
[1.099s] running egg_info
[1.100s] creating ../build/diff_drive/diff_drive.egg-info
[1.100s] writing ../build/diff_drive/diff_drive.egg-info/PKG-INFO
[1.101s] writing dependency_links to ../build/diff_drive/diff_drive.egg-info/dependency_links.txt
[1.101s] writing entry points to ../build/diff_drive/diff_drive.egg-info/entry_points.txt
[1.101s] writing requirements to ../build/diff_drive/diff_drive.egg-info/requires.txt
[1.101s] writing top-level names to ../build/diff_drive/diff_drive.egg-info/top_level.txt
[1.102s] writing manifest file '../build/diff_drive/diff_drive.egg-info/SOURCES.txt'
[1.105s] reading manifest file '../build/diff_drive/diff_drive.egg-info/SOURCES.txt'
[1.106s] writing manifest file '../build/diff_drive/diff_drive.egg-info/SOURCES.txt'
[1.106s] running build
[1.107s] running build_py
[1.107s] creating /home/alyssa/homework3-alyssa225/build/diff_drive/build
[1.107s] creating /home/alyssa/homework3-alyssa225/build/diff_drive/build/lib
[1.107s] creating /home/alyssa/homework3-alyssa225/build/diff_drive/build/lib/diff_drive
[1.107s] copying diff_drive/__init__.py -> /home/alyssa/homework3-alyssa225/build/diff_drive/build/lib/diff_drive
[1.108s] running install
[1.108s] /usr/lib/python3/dist-packages/setuptools/command/install.py:34: SetuptoolsDeprecationWarning: setup.py install is deprecated. Use build and pip and other standards-based tools.
[1.108s]   warnings.warn(
[1.109s] running install_lib
[1.110s] creating /home/alyssa/homework3-alyssa225/install/diff_drive/lib/python3.10/site-packages/diff_drive
[1.110s] copying /home/alyssa/homework3-alyssa225/build/diff_drive/build/lib/diff_drive/__init__.py -> /home/alyssa/homework3-alyssa225/install/diff_drive/lib/python3.10/site-packages/diff_drive
[1.110s] byte-compiling /home/alyssa/homework3-alyssa225/install/diff_drive/lib/python3.10/site-packages/diff_drive/__init__.py to __init__.cpython-310.pyc
[1.110s] running install_data
[1.111s] creating /home/alyssa/homework3-alyssa225/install/diff_drive/share/ament_index
[1.111s] creating /home/alyssa/homework3-alyssa225/install/diff_drive/share/ament_index/resource_index
[1.112s] creating /home/alyssa/homework3-alyssa225/install/diff_drive/share/ament_index/resource_index/packages
[1.112s] copying resource/diff_drive -> /home/alyssa/homework3-alyssa225/install/diff_drive/share/ament_index/resource_index/packages
[1.112s] copying package.xml -> /home/alyssa/homework3-alyssa225/install/diff_drive/share/diff_drive
[1.112s] creating /home/alyssa/homework3-alyssa225/install/diff_drive/share/diff_drive/urdf
[1.113s] copying urdf/ddrive.urdf.xacro -> /home/alyssa/homework3-alyssa225/install/diff_drive/share/diff_drive/urdf
[1.113s] creating /home/alyssa/homework3-alyssa225/install/diff_drive/share/diff_drive/config
[1.113s] copying config/robot.yaml -> /home/alyssa/homework3-alyssa225/install/diff_drive/share/diff_drive/config
[1.113s] creating /home/alyssa/homework3-alyssa225/install/diff_drive/share/diff_drive/launch
[1.113s] copying launch/ddrive_rviz.launch.py -> /home/alyssa/homework3-alyssa225/install/diff_drive/share/diff_drive/launch
[1.113s] copying launch/ddrive.launch.py -> /home/alyssa/homework3-alyssa225/install/diff_drive/share/diff_drive/launch
[1.113s] creating /home/alyssa/homework3-alyssa225/install/diff_drive/share/diff_drive/worlds
[1.114s] copying worlds/ddrive.world -> /home/alyssa/homework3-alyssa225/install/diff_drive/share/diff_drive/worlds
[1.114s] running install_egg_info
[1.116s] Copying ../build/diff_drive/diff_drive.egg-info to /home/alyssa/homework3-alyssa225/install/diff_drive/lib/python3.10/site-packages/diff_drive-0.0.0-py3.10.egg-info
[1.117s] running install_scripts
[1.140s] writing list of installed files to '/home/alyssa/homework3-alyssa225/build/diff_drive/install.log'
[1.179s] Invoked command in '/home/alyssa/homework3-alyssa225/diff_drive' returned '0': PYTHONPATH=/home/alyssa/homework3-alyssa225/install/diff_drive/lib/python3.10/site-packages:${PYTHONPATH} /usr/bin/python3 setup.py egg_info --egg-base ../build/diff_drive build --build-base /home/alyssa/homework3-alyssa225/build/diff_drive/build install --prefix /home/alyssa/homework3-alyssa225/install/diff_drive --record /home/alyssa/homework3-alyssa225/build/diff_drive/install.log --single-version-externally-managed
