[0.849s] Invoking command in '/home/alyssa/homework3-alyssa225/diff_drive': PYTHONPATH=/home/alyssa/homework3-alyssa225/install/diff_drive/lib/python3.10/site-packages:${PYTHONPATH} /usr/bin/python3 setup.py egg_info --egg-base ../build/diff_drive build --build-base /home/alyssa/homework3-alyssa225/build/diff_drive/build install --prefix /home/alyssa/homework3-alyssa225/install/diff_drive --record /home/alyssa/homework3-alyssa225/build/diff_drive/install.log --single-version-externally-managed
[1.116s] running egg_info
[1.117s] writing ../build/diff_drive/diff_drive.egg-info/PKG-INFO
[1.117s] writing dependency_links to ../build/diff_drive/diff_drive.egg-info/dependency_links.txt
[1.117s] writing entry points to ../build/diff_drive/diff_drive.egg-info/entry_points.txt
[1.117s] writing requirements to ../build/diff_drive/diff_drive.egg-info/requires.txt
[1.118s] writing top-level names to ../build/diff_drive/diff_drive.egg-info/top_level.txt
[1.120s] reading manifest file '../build/diff_drive/diff_drive.egg-info/SOURCES.txt'
[1.121s] writing manifest file '../build/diff_drive/diff_drive.egg-info/SOURCES.txt'
[1.121s] running build
[1.122s] running build_py
[1.122s] running install
[1.123s] /usr/lib/python3/dist-packages/setuptools/command/install.py:34: SetuptoolsDeprecationWarning: setup.py install is deprecated. Use build and pip and other standards-based tools.
[1.123s]   warnings.warn(
[1.123s] running install_lib
[1.124s] running install_data
[1.125s] copying worlds/ddrive.world -> /home/alyssa/homework3-alyssa225/install/diff_drive/share/diff_drive
[1.125s] copying config/robot.yaml -> /home/alyssa/homework3-alyssa225/install/diff_drive/share/diff_drive
[1.125s] error: can't copy 'ddrive_urdf.rviz': doesn't exist or not a regular file
[1.145s] Invoked command in '/home/alyssa/homework3-alyssa225/diff_drive' returned '1': PYTHONPATH=/home/alyssa/homework3-alyssa225/install/diff_drive/lib/python3.10/site-packages:${PYTHONPATH} /usr/bin/python3 setup.py egg_info --egg-base ../build/diff_drive build --build-base /home/alyssa/homework3-alyssa225/build/diff_drive/build install --prefix /home/alyssa/homework3-alyssa225/install/diff_drive --record /home/alyssa/homework3-alyssa225/build/diff_drive/install.log --single-version-externally-managed
