[1.440s] Invoking command in '/home/alyssa/homework3-alyssa225/arm_move': PYTHONPATH=/home/alyssa/homework3-alyssa225/install/arm_move/lib/python3.10/site-packages:${PYTHONPATH} /usr/bin/python3 setup.py egg_info --egg-base ../build/arm_move build --build-base /home/alyssa/homework3-alyssa225/build/arm_move/build install --prefix /home/alyssa/homework3-alyssa225/install/arm_move --record /home/alyssa/homework3-alyssa225/build/arm_move/install.log --single-version-externally-managed
[1.838s] running egg_info
[1.839s] writing ../build/arm_move/arm_move.egg-info/PKG-INFO
[1.839s] writing dependency_links to ../build/arm_move/arm_move.egg-info/dependency_links.txt
[1.840s] writing entry points to ../build/arm_move/arm_move.egg-info/entry_points.txt
[1.840s] writing requirements to ../build/arm_move/arm_move.egg-info/requires.txt
[1.840s] writing top-level names to ../build/arm_move/arm_move.egg-info/top_level.txt
[1.843s] reading manifest file '../build/arm_move/arm_move.egg-info/SOURCES.txt'
[1.845s] writing manifest file '../build/arm_move/arm_move.egg-info/SOURCES.txt'
[1.845s] running build
[1.845s] running build_py
[1.846s] running install
[1.846s] /usr/lib/python3/dist-packages/setuptools/command/install.py:34: SetuptoolsDeprecationWarning: setup.py install is deprecated. Use build and pip and other standards-based tools.
[1.846s]   warnings.warn(
[1.846s] running install_lib
[1.849s] running install_data
[1.850s] running install_egg_info
[1.853s] removing '/home/alyssa/homework3-alyssa225/install/arm_move/lib/python3.10/site-packages/arm_move-0.0.0-py3.10.egg-info' (and everything under it)
[1.853s] Copying ../build/arm_move/arm_move.egg-info to /home/alyssa/homework3-alyssa225/install/arm_move/lib/python3.10/site-packages/arm_move-0.0.0-py3.10.egg-info
[1.855s] running install_scripts
[1.892s] writing list of installed files to '/home/alyssa/homework3-alyssa225/build/arm_move/install.log'
[1.931s] Invoked command in '/home/alyssa/homework3-alyssa225/arm_move' returned '0': PYTHONPATH=/home/alyssa/homework3-alyssa225/install/arm_move/lib/python3.10/site-packages:${PYTHONPATH} /usr/bin/python3 setup.py egg_info --egg-base ../build/arm_move build --build-base /home/alyssa/homework3-alyssa225/build/arm_move/build install --prefix /home/alyssa/homework3-alyssa225/install/arm_move --record /home/alyssa/homework3-alyssa225/build/arm_move/install.log --single-version-externally-managed
