running egg_info
writing ../build/diff_drive/diff_drive.egg-info/PKG-INFO
writing dependency_links to ../build/diff_drive/diff_drive.egg-info/dependency_links.txt
writing entry points to ../build/diff_drive/diff_drive.egg-info/entry_points.txt
writing requirements to ../build/diff_drive/diff_drive.egg-info/requires.txt
writing top-level names to ../build/diff_drive/diff_drive.egg-info/top_level.txt
reading manifest file '../build/diff_drive/diff_drive.egg-info/SOURCES.txt'
writing manifest file '../build/diff_drive/diff_drive.egg-info/SOURCES.txt'
running build
running build_py
running install
/usr/lib/python3/dist-packages/setuptools/command/install.py:34: SetuptoolsDeprecationWarning: setup.py install is deprecated. Use build and pip and other standards-based tools.
  warnings.warn(
running install_lib
running install_data
copying urdf/ddrive.gazebo.xacro -> /home/alyssa/homework3-alyssa225/install/diff_drive/share/diff_drive/urdf
copying urdf/ddrive.urdf.xacro -> /home/alyssa/homework3-alyssa225/install/diff_drive/share/diff_drive/urdf
running install_egg_info
removing '/home/alyssa/homework3-alyssa225/install/diff_drive/lib/python3.10/site-packages/diff_drive-0.0.0-py3.10.egg-info' (and everything under it)
Copying ../build/diff_drive/diff_drive.egg-info to /home/alyssa/homework3-alyssa225/install/diff_drive/lib/python3.10/site-packages/diff_drive-0.0.0-py3.10.egg-info
running install_scripts
writing list of installed files to '/home/alyssa/homework3-alyssa225/build/diff_drive/install.log'
