[0.487s] DEBUG:colcon:Command line arguments: ['/usr/bin/colcon', 'build']
[0.487s] DEBUG:colcon:Parsed command line arguments: Namespace(log_base=None, log_level=None, verb_name='build', build_base='build', install_base='install', merge_install=False, symlink_install=False, test_result_base=None, continue_on_error=False, executor='parallel', parallel_workers=8, event_handlers=None, ignore_user_meta=False, metas=['./colcon.meta'], base_paths=['.'], packages_ignore=None, packages_ignore_regex=None, paths=None, packages_up_to=None, packages_up_to_regex=None, packages_above=None, packages_above_and_dependencies=None, packages_above_depth=None, packages_select_by_dep=None, packages_skip_by_dep=None, packages_skip_up_to=None, packages_select_build_failed=False, packages_skip_build_finished=False, packages_select_test_failures=False, packages_skip_test_passed=False, packages_select=None, packages_skip=None, packages_select_regex=None, packages_skip_regex=None, packages_start=None, packages_end=None, allow_overriding=[], cmake_args=None, cmake_target=None, cmake_target_skip_unavailable=False, cmake_clean_cache=False, cmake_clean_first=False, cmake_force_configure=False, ament_cmake_args=None, catkin_cmake_args=None, catkin_skip_building_tests=False, mixin_files=None, mixin=None, verb_parser=<colcon_mixin.mixin.mixin_argument.MixinArgumentDecorator object at 0x7f2dfd63f100>, verb_extension=<colcon_core.verb.build.BuildVerb object at 0x7f2dfdf5cd90>, main=<bound method BuildVerb.main of <colcon_core.verb.build.BuildVerb object at 0x7f2dfdf5cd90>>, mixin_verb=('build',))
[0.529s] Level 1:colcon.colcon_core.package_discovery:discover_packages(colcon_meta) check parameters
[0.529s] Level 1:colcon.colcon_core.package_discovery:discover_packages(recursive) check parameters
[0.529s] Level 1:colcon.colcon_core.package_discovery:discover_packages(ignore) check parameters
[0.529s] Level 1:colcon.colcon_core.package_discovery:discover_packages(path) check parameters
[0.530s] Level 1:colcon.colcon_core.package_discovery:discover_packages(colcon_meta) discover
[0.530s] Level 1:colcon.colcon_core.package_discovery:discover_packages(recursive) discover
[0.530s] INFO:colcon.colcon_core.package_discovery:Crawling recursively for packages in '/home/alyssa/homework3-alyssa225'
[0.530s] Level 1:colcon.colcon_core.package_identification:_identify(.) by extensions ['ignore', 'ignore_ament_install']
[0.530s] Level 1:colcon.colcon_core.package_identification:_identify(.) by extension 'ignore'
[0.530s] Level 1:colcon.colcon_core.package_identification:_identify(.) by extension 'ignore_ament_install'
[0.530s] Level 1:colcon.colcon_core.package_identification:_identify(.) by extensions ['colcon_pkg']
[0.530s] Level 1:colcon.colcon_core.package_identification:_identify(.) by extension 'colcon_pkg'
[0.530s] Level 1:colcon.colcon_core.package_identification:_identify(.) by extensions ['colcon_meta']
[0.530s] Level 1:colcon.colcon_core.package_identification:_identify(.) by extension 'colcon_meta'
[0.530s] Level 1:colcon.colcon_core.package_identification:_identify(.) by extensions ['ros']
[0.530s] Level 1:colcon.colcon_core.package_identification:_identify(.) by extension 'ros'
[0.549s] Level 1:colcon.colcon_core.package_identification:_identify(.) by extensions ['cmake', 'python']
[0.549s] Level 1:colcon.colcon_core.package_identification:_identify(.) by extension 'cmake'
[0.549s] Level 1:colcon.colcon_core.package_identification:_identify(.) by extension 'python'
[0.549s] Level 1:colcon.colcon_core.package_identification:_identify(.) by extensions ['python_setup_py']
[0.549s] Level 1:colcon.colcon_core.package_identification:_identify(.) by extension 'python_setup_py'
[0.550s] Level 1:colcon.colcon_core.package_identification:_identify(arm_move) by extensions ['ignore', 'ignore_ament_install']
[0.550s] Level 1:colcon.colcon_core.package_identification:_identify(arm_move) by extension 'ignore'
[0.550s] Level 1:colcon.colcon_core.package_identification:_identify(arm_move) by extension 'ignore_ament_install'
[0.550s] Level 1:colcon.colcon_core.package_identification:_identify(arm_move) by extensions ['colcon_pkg']
[0.550s] Level 1:colcon.colcon_core.package_identification:_identify(arm_move) by extension 'colcon_pkg'
[0.550s] Level 1:colcon.colcon_core.package_identification:_identify(arm_move) by extensions ['colcon_meta']
[0.550s] Level 1:colcon.colcon_core.package_identification:_identify(arm_move) by extension 'colcon_meta'
[0.550s] Level 1:colcon.colcon_core.package_identification:_identify(arm_move) by extensions ['ros']
[0.550s] Level 1:colcon.colcon_core.package_identification:_identify(arm_move) by extension 'ros'
[0.554s] DEBUG:colcon.colcon_core.package_identification:Package 'arm_move' with type 'ros.ament_python' and name 'arm_move'
[0.554s] Level 1:colcon.colcon_core.package_identification:_identify(build) by extensions ['ignore', 'ignore_ament_install']
[0.554s] Level 1:colcon.colcon_core.package_identification:_identify(build) by extension 'ignore'
[0.554s] Level 1:colcon.colcon_core.package_identification:_identify(build) ignored
[0.555s] Level 1:colcon.colcon_core.package_identification:_identify(diff_drive) by extensions ['ignore', 'ignore_ament_install']
[0.555s] Level 1:colcon.colcon_core.package_identification:_identify(diff_drive) by extension 'ignore'
[0.555s] Level 1:colcon.colcon_core.package_identification:_identify(diff_drive) by extension 'ignore_ament_install'
[0.555s] Level 1:colcon.colcon_core.package_identification:_identify(diff_drive) by extensions ['colcon_pkg']
[0.555s] Level 1:colcon.colcon_core.package_identification:_identify(diff_drive) by extension 'colcon_pkg'
[0.555s] Level 1:colcon.colcon_core.package_identification:_identify(diff_drive) by extensions ['colcon_meta']
[0.555s] Level 1:colcon.colcon_core.package_identification:_identify(diff_drive) by extension 'colcon_meta'
[0.555s] Level 1:colcon.colcon_core.package_identification:_identify(diff_drive) by extensions ['ros']
[0.555s] Level 1:colcon.colcon_core.package_identification:_identify(diff_drive) by extension 'ros'
[0.557s] DEBUG:colcon.colcon_core.package_identification:Package 'diff_drive' with type 'ros.ament_python' and name 'diff_drive'
[0.557s] Level 1:colcon.colcon_core.package_identification:_identify(install) by extensions ['ignore', 'ignore_ament_install']
[0.557s] Level 1:colcon.colcon_core.package_identification:_identify(install) by extension 'ignore'
[0.557s] Level 1:colcon.colcon_core.package_identification:_identify(install) ignored
[0.557s] Level 1:colcon.colcon_core.package_identification:_identify(log) by extensions ['ignore', 'ignore_ament_install']
[0.558s] Level 1:colcon.colcon_core.package_identification:_identify(log) by extension 'ignore'
[0.558s] Level 1:colcon.colcon_core.package_identification:_identify(log) ignored
[0.558s] Level 1:colcon.colcon_core.package_discovery:discover_packages(recursive) using defaults
[0.558s] Level 1:colcon.colcon_core.package_discovery:discover_packages(ignore) discover
[0.558s] Level 1:colcon.colcon_core.package_discovery:discover_packages(ignore) using defaults
[0.558s] Level 1:colcon.colcon_core.package_discovery:discover_packages(path) discover
[0.558s] Level 1:colcon.colcon_core.package_discovery:discover_packages(path) using defaults
[0.590s] Level 1:colcon.colcon_core.package_discovery:discover_packages(prefix_path) check parameters
[0.590s] Level 1:colcon.colcon_core.package_discovery:discover_packages(prefix_path) discover
[0.594s] DEBUG:colcon.colcon_installed_package_information.package_discovery:Found 2 installed packages in /home/alyssa/homework3-alyssa225/install
[0.595s] DEBUG:colcon.colcon_installed_package_information.package_discovery:Found 4 installed packages in /home/alyssa/homework2-alyssa225/install
[0.598s] DEBUG:colcon.colcon_installed_package_information.package_discovery:Found 390 installed packages in /opt/ros/humble
[0.601s] Level 1:colcon.colcon_core.package_discovery:discover_packages(prefix_path) using defaults
[0.709s] Level 5:colcon.colcon_core.verb:set package 'arm_move' build argument 'cmake_args' from command line to 'None'
[0.709s] Level 5:colcon.colcon_core.verb:set package 'arm_move' build argument 'cmake_target' from command line to 'None'
[0.709s] Level 5:colcon.colcon_core.verb:set package 'arm_move' build argument 'cmake_target_skip_unavailable' from command line to 'False'
[0.709s] Level 5:colcon.colcon_core.verb:set package 'arm_move' build argument 'cmake_clean_cache' from command line to 'False'
[0.709s] Level 5:colcon.colcon_core.verb:set package 'arm_move' build argument 'cmake_clean_first' from command line to 'False'
[0.709s] Level 5:colcon.colcon_core.verb:set package 'arm_move' build argument 'cmake_force_configure' from command line to 'False'
[0.710s] Level 5:colcon.colcon_core.verb:set package 'arm_move' build argument 'ament_cmake_args' from command line to 'None'
[0.710s] Level 5:colcon.colcon_core.verb:set package 'arm_move' build argument 'catkin_cmake_args' from command line to 'None'
[0.710s] Level 5:colcon.colcon_core.verb:set package 'arm_move' build argument 'catkin_skip_building_tests' from command line to 'False'
[0.710s] DEBUG:colcon.colcon_core.verb:Building package 'arm_move' with the following arguments: {'ament_cmake_args': None, 'build_base': '/home/alyssa/homework3-alyssa225/build/arm_move', 'catkin_cmake_args': None, 'catkin_skip_building_tests': False, 'cmake_args': None, 'cmake_clean_cache': False, 'cmake_clean_first': False, 'cmake_force_configure': False, 'cmake_target': None, 'cmake_target_skip_unavailable': False, 'install_base': '/home/alyssa/homework3-alyssa225/install/arm_move', 'merge_install': False, 'path': '/home/alyssa/homework3-alyssa225/arm_move', 'symlink_install': False, 'test_result_base': None}
[0.711s] Level 5:colcon.colcon_core.verb:set package 'diff_drive' build argument 'cmake_args' from command line to 'None'
[0.711s] Level 5:colcon.colcon_core.verb:set package 'diff_drive' build argument 'cmake_target' from command line to 'None'
[0.711s] Level 5:colcon.colcon_core.verb:set package 'diff_drive' build argument 'cmake_target_skip_unavailable' from command line to 'False'
[0.711s] Level 5:colcon.colcon_core.verb:set package 'diff_drive' build argument 'cmake_clean_cache' from command line to 'False'
[0.711s] Level 5:colcon.colcon_core.verb:set package 'diff_drive' build argument 'cmake_clean_first' from command line to 'False'
[0.711s] Level 5:colcon.colcon_core.verb:set package 'diff_drive' build argument 'cmake_force_configure' from command line to 'False'
[0.711s] Level 5:colcon.colcon_core.verb:set package 'diff_drive' build argument 'ament_cmake_args' from command line to 'None'
[0.711s] Level 5:colcon.colcon_core.verb:set package 'diff_drive' build argument 'catkin_cmake_args' from command line to 'None'
[0.711s] Level 5:colcon.colcon_core.verb:set package 'diff_drive' build argument 'catkin_skip_building_tests' from command line to 'False'
[0.711s] DEBUG:colcon.colcon_core.verb:Building package 'diff_drive' with the following arguments: {'ament_cmake_args': None, 'build_base': '/home/alyssa/homework3-alyssa225/build/diff_drive', 'catkin_cmake_args': None, 'catkin_skip_building_tests': False, 'cmake_args': None, 'cmake_clean_cache': False, 'cmake_clean_first': False, 'cmake_force_configure': False, 'cmake_target': None, 'cmake_target_skip_unavailable': False, 'install_base': '/home/alyssa/homework3-alyssa225/install/diff_drive', 'merge_install': False, 'path': '/home/alyssa/homework3-alyssa225/diff_drive', 'symlink_install': False, 'test_result_base': None}
[0.712s] INFO:colcon.colcon_core.executor:Executing jobs using 'parallel' executor
[0.716s] DEBUG:colcon.colcon_parallel_executor.executor.parallel:run_until_complete
[0.717s] INFO:colcon.colcon_ros.task.ament_python.build:Building ROS package in '/home/alyssa/homework3-alyssa225/arm_move' with build type 'ament_python'
[0.717s] Level 1:colcon.colcon_core.shell:create_environment_hook('arm_move', 'ament_prefix_path')
[0.724s] INFO:colcon.colcon_core.plugin_system:Skipping extension 'colcon_core.shell.bat': Not used on non-Windows systems
[0.724s] INFO:colcon.colcon_core.shell:Creating environment hook '/home/alyssa/homework3-alyssa225/install/arm_move/share/arm_move/hook/ament_prefix_path.ps1'
[0.726s] INFO:colcon.colcon_core.shell:Creating environment descriptor '/home/alyssa/homework3-alyssa225/install/arm_move/share/arm_move/hook/ament_prefix_path.dsv'
[0.726s] INFO:colcon.colcon_core.shell:Creating environment hook '/home/alyssa/homework3-alyssa225/install/arm_move/share/arm_move/hook/ament_prefix_path.sh'
[0.728s] INFO:colcon.colcon_core.shell:Skip shell extension 'powershell' for command environment: Not usable outside of PowerShell
[0.729s] DEBUG:colcon.colcon_core.shell:Skip shell extension 'dsv' for command environment
[0.736s] INFO:colcon.colcon_ros.task.ament_python.build:Building ROS package in '/home/alyssa/homework3-alyssa225/diff_drive' with build type 'ament_python'
[0.736s] Level 1:colcon.colcon_core.shell:create_environment_hook('diff_drive', 'ament_prefix_path')
[0.739s] INFO:colcon.colcon_core.shell:Creating environment hook '/home/alyssa/homework3-alyssa225/install/diff_drive/share/diff_drive/hook/ament_prefix_path.ps1'
[0.740s] INFO:colcon.colcon_core.shell:Creating environment descriptor '/home/alyssa/homework3-alyssa225/install/diff_drive/share/diff_drive/hook/ament_prefix_path.dsv'
[0.740s] INFO:colcon.colcon_core.shell:Creating environment hook '/home/alyssa/homework3-alyssa225/install/diff_drive/share/diff_drive/hook/ament_prefix_path.sh'
[0.744s] INFO:colcon.colcon_core.shell:Skip shell extension 'powershell' for command environment: Not usable outside of PowerShell
[0.744s] DEBUG:colcon.colcon_core.shell:Skip shell extension 'dsv' for command environment
[1.145s] INFO:colcon.colcon_core.task.python.build:Building Python package in '/home/alyssa/homework3-alyssa225/arm_move'
[1.147s] INFO:colcon.colcon_core.shell:Skip shell extension 'powershell' for command environment: Not usable outside of PowerShell
[1.147s] DEBUG:colcon.colcon_core.shell:Skip shell extension 'dsv' for command environment
[1.584s] INFO:colcon.colcon_core.task.python.build:Building Python package in '/home/alyssa/homework3-alyssa225/diff_drive'
[1.587s] INFO:colcon.colcon_core.shell:Skip shell extension 'powershell' for command environment: Not usable outside of PowerShell
[1.587s] DEBUG:colcon.colcon_core.shell:Skip shell extension 'dsv' for command environment
[2.129s] DEBUG:colcon.colcon_core.event_handler.log_command:Invoking command in '/home/alyssa/homework3-alyssa225/arm_move': PYTHONPATH=/home/alyssa/homework3-alyssa225/install/arm_move/lib/python3.10/site-packages:${PYTHONPATH} /usr/bin/python3 setup.py egg_info --egg-base ../build/arm_move build --build-base /home/alyssa/homework3-alyssa225/build/arm_move/build install --prefix /home/alyssa/homework3-alyssa225/install/arm_move --record /home/alyssa/homework3-alyssa225/build/arm_move/install.log --single-version-externally-managed
[2.146s] DEBUG:colcon.colcon_core.event_handler.log_command:Invoking command in '/home/alyssa/homework3-alyssa225/diff_drive': PYTHONPATH=/home/alyssa/homework3-alyssa225/install/diff_drive/lib/python3.10/site-packages:${PYTHONPATH} /usr/bin/python3 setup.py egg_info --egg-base ../build/diff_drive build --build-base /home/alyssa/homework3-alyssa225/build/diff_drive/build install --prefix /home/alyssa/homework3-alyssa225/install/diff_drive --record /home/alyssa/homework3-alyssa225/build/diff_drive/install.log --single-version-externally-managed
[2.617s] DEBUG:colcon.colcon_core.event_handler.log_command:Invoked command in '/home/alyssa/homework3-alyssa225/arm_move' returned '0': PYTHONPATH=/home/alyssa/homework3-alyssa225/install/arm_move/lib/python3.10/site-packages:${PYTHONPATH} /usr/bin/python3 setup.py egg_info --egg-base ../build/arm_move build --build-base /home/alyssa/homework3-alyssa225/build/arm_move/build install --prefix /home/alyssa/homework3-alyssa225/install/arm_move --record /home/alyssa/homework3-alyssa225/build/arm_move/install.log --single-version-externally-managed
[2.623s] Level 1:colcon.colcon_core.environment:checking '/home/alyssa/homework3-alyssa225/install/arm_move' for CMake module files
[2.624s] Level 1:colcon.colcon_core.environment:checking '/home/alyssa/homework3-alyssa225/install/arm_move' for CMake config files
[2.625s] Level 1:colcon.colcon_core.environment:checking '/home/alyssa/homework3-alyssa225/install/arm_move/lib'
[2.625s] Level 1:colcon.colcon_core.environment:checking '/home/alyssa/homework3-alyssa225/install/arm_move/bin'
[2.625s] Level 1:colcon.colcon_core.environment:checking '/home/alyssa/homework3-alyssa225/install/arm_move/lib/pkgconfig/arm_move.pc'
[2.626s] Level 1:colcon.colcon_core.environment:checking '/home/alyssa/homework3-alyssa225/install/arm_move/lib/python3.10/site-packages'
[2.626s] Level 1:colcon.colcon_core.shell:create_environment_hook('arm_move', 'pythonpath')
[2.629s] INFO:colcon.colcon_core.shell:Creating environment hook '/home/alyssa/homework3-alyssa225/install/arm_move/share/arm_move/hook/pythonpath.ps1'
[2.630s] INFO:colcon.colcon_core.shell:Creating environment descriptor '/home/alyssa/homework3-alyssa225/install/arm_move/share/arm_move/hook/pythonpath.dsv'
[2.630s] INFO:colcon.colcon_core.shell:Creating environment hook '/home/alyssa/homework3-alyssa225/install/arm_move/share/arm_move/hook/pythonpath.sh'
[2.631s] Level 1:colcon.colcon_core.environment:checking '/home/alyssa/homework3-alyssa225/install/arm_move/bin'
[2.631s] Level 1:colcon.colcon_core.environment:create_environment_scripts_only(arm_move)
[2.634s] INFO:colcon.colcon_core.shell:Creating package script '/home/alyssa/homework3-alyssa225/install/arm_move/share/arm_move/package.ps1'
[2.637s] INFO:colcon.colcon_core.shell:Creating package descriptor '/home/alyssa/homework3-alyssa225/install/arm_move/share/arm_move/package.dsv'
[2.638s] INFO:colcon.colcon_core.shell:Creating package script '/home/alyssa/homework3-alyssa225/install/arm_move/share/arm_move/package.sh'
[2.640s] INFO:colcon.colcon_core.shell:Creating package script '/home/alyssa/homework3-alyssa225/install/arm_move/share/arm_move/package.bash'
[2.643s] INFO:colcon.colcon_core.shell:Creating package script '/home/alyssa/homework3-alyssa225/install/arm_move/share/arm_move/package.zsh'
[2.644s] Level 1:colcon.colcon_core.environment:create_file_with_runtime_dependencies(/home/alyssa/homework3-alyssa225/install/arm_move/share/colcon-core/packages/arm_move)
[2.671s] Level 1:colcon.colcon_core.environment:checking '/home/alyssa/homework3-alyssa225/install/diff_drive' for CMake module files
[2.672s] DEBUG:colcon.colcon_core.event_handler.log_command:Invoked command in '/home/alyssa/homework3-alyssa225/diff_drive' returned '0': PYTHONPATH=/home/alyssa/homework3-alyssa225/install/diff_drive/lib/python3.10/site-packages:${PYTHONPATH} /usr/bin/python3 setup.py egg_info --egg-base ../build/diff_drive build --build-base /home/alyssa/homework3-alyssa225/build/diff_drive/build install --prefix /home/alyssa/homework3-alyssa225/install/diff_drive --record /home/alyssa/homework3-alyssa225/build/diff_drive/install.log --single-version-externally-managed
[2.673s] Level 1:colcon.colcon_core.environment:checking '/home/alyssa/homework3-alyssa225/install/diff_drive' for CMake config files
[2.674s] Level 1:colcon.colcon_core.environment:checking '/home/alyssa/homework3-alyssa225/install/diff_drive/lib'
[2.675s] Level 1:colcon.colcon_core.environment:checking '/home/alyssa/homework3-alyssa225/install/diff_drive/bin'
[2.675s] Level 1:colcon.colcon_core.environment:checking '/home/alyssa/homework3-alyssa225/install/diff_drive/lib/pkgconfig/diff_drive.pc'
[2.675s] Level 1:colcon.colcon_core.environment:checking '/home/alyssa/homework3-alyssa225/install/diff_drive/lib/python3.10/site-packages'
[2.675s] Level 1:colcon.colcon_core.shell:create_environment_hook('diff_drive', 'pythonpath')
[2.679s] INFO:colcon.colcon_core.shell:Creating environment hook '/home/alyssa/homework3-alyssa225/install/diff_drive/share/diff_drive/hook/pythonpath.ps1'
[2.679s] INFO:colcon.colcon_core.shell:Creating environment descriptor '/home/alyssa/homework3-alyssa225/install/diff_drive/share/diff_drive/hook/pythonpath.dsv'
[2.680s] INFO:colcon.colcon_core.shell:Creating environment hook '/home/alyssa/homework3-alyssa225/install/diff_drive/share/diff_drive/hook/pythonpath.sh'
[2.681s] Level 1:colcon.colcon_core.environment:checking '/home/alyssa/homework3-alyssa225/install/diff_drive/bin'
[2.681s] Level 1:colcon.colcon_core.environment:create_environment_scripts_only(diff_drive)
[2.684s] INFO:colcon.colcon_core.shell:Creating package script '/home/alyssa/homework3-alyssa225/install/diff_drive/share/diff_drive/package.ps1'
[2.685s] INFO:colcon.colcon_core.shell:Creating package descriptor '/home/alyssa/homework3-alyssa225/install/diff_drive/share/diff_drive/package.dsv'
[2.685s] INFO:colcon.colcon_core.shell:Creating package script '/home/alyssa/homework3-alyssa225/install/diff_drive/share/diff_drive/package.sh'
[2.686s] INFO:colcon.colcon_core.shell:Creating package script '/home/alyssa/homework3-alyssa225/install/diff_drive/share/diff_drive/package.bash'
[2.686s] INFO:colcon.colcon_core.shell:Creating package script '/home/alyssa/homework3-alyssa225/install/diff_drive/share/diff_drive/package.zsh'
[2.687s] Level 1:colcon.colcon_core.environment:create_file_with_runtime_dependencies(/home/alyssa/homework3-alyssa225/install/diff_drive/share/colcon-core/packages/diff_drive)
[2.687s] DEBUG:colcon.colcon_parallel_executor.executor.parallel:closing loop
[2.687s] DEBUG:colcon.colcon_parallel_executor.executor.parallel:loop closed
[2.688s] DEBUG:colcon.colcon_parallel_executor.executor.parallel:run_until_complete finished with '0'
[2.688s] DEBUG:colcon.colcon_core.event_reactor:joining thread
[2.698s] INFO:colcon.colcon_core.plugin_system:Skipping extension 'colcon_notification.desktop_notification.terminal_notifier': Not used on non-Darwin systems
[2.699s] INFO:colcon.colcon_core.plugin_system:Skipping extension 'colcon_notification.desktop_notification.win32': Not used on non-Windows systems
[2.699s] INFO:colcon.colcon_notification.desktop_notification:Sending desktop notification using 'notify2'
[2.714s] DEBUG:colcon.colcon_core.event_reactor:joined thread
[2.717s] INFO:colcon.colcon_core.shell:Creating prefix script '/home/alyssa/homework3-alyssa225/install/local_setup.ps1'
[2.719s] INFO:colcon.colcon_core.shell:Creating prefix util module '/home/alyssa/homework3-alyssa225/install/_local_setup_util_ps1.py'
[2.721s] INFO:colcon.colcon_core.shell:Creating prefix chain script '/home/alyssa/homework3-alyssa225/install/setup.ps1'
[2.723s] INFO:colcon.colcon_core.shell:Creating prefix script '/home/alyssa/homework3-alyssa225/install/local_setup.sh'
[2.724s] INFO:colcon.colcon_core.shell:Creating prefix util module '/home/alyssa/homework3-alyssa225/install/_local_setup_util_sh.py'
[2.725s] INFO:colcon.colcon_core.shell:Creating prefix chain script '/home/alyssa/homework3-alyssa225/install/setup.sh'
[2.726s] INFO:colcon.colcon_core.shell:Creating prefix script '/home/alyssa/homework3-alyssa225/install/local_setup.bash'
[2.727s] INFO:colcon.colcon_core.shell:Creating prefix chain script '/home/alyssa/homework3-alyssa225/install/setup.bash'
[2.729s] INFO:colcon.colcon_core.shell:Creating prefix script '/home/alyssa/homework3-alyssa225/install/local_setup.zsh'
[2.730s] INFO:colcon.colcon_core.shell:Creating prefix chain script '/home/alyssa/homework3-alyssa225/install/setup.zsh'
