[0.878s] Invoking command in '/home/alyssa/homework3-alyssa225/arm_move': PYTHONPATH=/home/alyssa/homework3-alyssa225/install/arm_move/lib/python3.10/site-packages:${PYTHONPATH} /usr/bin/python3 setup.py egg_info --egg-base ../build/arm_move build --build-base /home/alyssa/homework3-alyssa225/build/arm_move/build install --prefix /home/alyssa/homework3-alyssa225/install/arm_move --record /home/alyssa/homework3-alyssa225/build/arm_move/install.log --single-version-externally-managed
[1.144s] running egg_info
[1.145s] writing ../build/arm_move/arm_move.egg-info/PKG-INFO
[1.145s] writing dependency_links to ../build/arm_move/arm_move.egg-info/dependency_links.txt
[1.145s] writing entry points to ../build/arm_move/arm_move.egg-info/entry_points.txt
[1.145s] writing requirements to ../build/arm_move/arm_move.egg-info/requires.txt
[1.145s] writing top-level names to ../build/arm_move/arm_move.egg-info/top_level.txt
[1.148s] reading manifest file '../build/arm_move/arm_move.egg-info/SOURCES.txt'
[1.150s] writing manifest file '../build/arm_move/arm_move.egg-info/SOURCES.txt'
[1.150s] running build
[1.150s] running build_py
[1.151s] running install
[1.151s] /usr/lib/python3/dist-packages/setuptools/command/install.py:34: SetuptoolsDeprecationWarning: setup.py install is deprecated. Use build and pip and other standards-based tools.
[1.151s]   warnings.warn(
[1.151s] running install_lib
[1.153s] running install_data
[1.154s] running install_egg_info
[1.156s] removing '/home/alyssa/homework3-alyssa225/install/arm_move/lib/python3.10/site-packages/arm_move-0.0.0-py3.10.egg-info' (and everything under it)
[1.156s] Copying ../build/arm_move/arm_move.egg-info to /home/alyssa/homework3-alyssa225/install/arm_move/lib/python3.10/site-packages/arm_move-0.0.0-py3.10.egg-info
[1.157s] running install_scripts
[1.180s] writing list of installed files to '/home/alyssa/homework3-alyssa225/build/arm_move/install.log'
[1.221s] Invoked command in '/home/alyssa/homework3-alyssa225/arm_move' returned '0': PYTHONPATH=/home/alyssa/homework3-alyssa225/install/arm_move/lib/python3.10/site-packages:${PYTHONPATH} /usr/bin/python3 setup.py egg_info --egg-base ../build/arm_move build --build-base /home/alyssa/homework3-alyssa225/build/arm_move/build install --prefix /home/alyssa/homework3-alyssa225/install/arm_move --record /home/alyssa/homework3-alyssa225/build/arm_move/install.log --single-version-externally-managed
