[0.878s] Invoking command in '/home/alyssa/homework3-alyssa225/diff_drive': PYTHONPATH=/home/alyssa/homework3-alyssa225/install/diff_drive/lib/python3.10/site-packages:${PYTHONPATH} /usr/bin/python3 setup.py egg_info --egg-base ../build/diff_drive build --build-base /home/alyssa/homework3-alyssa225/build/diff_drive/build install --prefix /home/alyssa/homework3-alyssa225/install/diff_drive --record /home/alyssa/homework3-alyssa225/build/diff_drive/install.log --single-version-externally-managed
[1.187s] running egg_info
[1.188s] creating ../build/diff_drive/diff_drive.egg-info
[1.188s] writing ../build/diff_drive/diff_drive.egg-info/PKG-INFO
[1.189s] writing dependency_links to ../build/diff_drive/diff_drive.egg-info/dependency_links.txt
[1.189s] writing entry points to ../build/diff_drive/diff_drive.egg-info/entry_points.txt
[1.189s] writing requirements to ../build/diff_drive/diff_drive.egg-info/requires.txt
[1.189s] writing top-level names to ../build/diff_drive/diff_drive.egg-info/top_level.txt
[1.190s] writing manifest file '../build/diff_drive/diff_drive.egg-info/SOURCES.txt'
[1.192s] reading manifest file '../build/diff_drive/diff_drive.egg-info/SOURCES.txt'
[1.194s] writing manifest file '../build/diff_drive/diff_drive.egg-info/SOURCES.txt'
[1.194s] running build
[1.194s] running build_py
[1.194s] creating /home/alyssa/homework3-alyssa225/build/diff_drive/build
[1.195s] creating /home/alyssa/homework3-alyssa225/build/diff_drive/build/lib
[1.195s] creating /home/alyssa/homework3-alyssa225/build/diff_drive/build/lib/diff_drive
[1.195s] copying diff_drive/__init__.py -> /home/alyssa/homework3-alyssa225/build/diff_drive/build/lib/diff_drive
[1.196s] running install
[1.196s] /usr/lib/python3/dist-packages/setuptools/command/install.py:34: SetuptoolsDeprecationWarning: setup.py install is deprecated. Use build and pip and other standards-based tools.
[1.196s]   warnings.warn(
[1.197s] running install_lib
[1.197s] creating /home/alyssa/homework3-alyssa225/install/diff_drive/lib/python3.10/site-packages/diff_drive
[1.197s] copying /home/alyssa/homework3-alyssa225/build/diff_drive/build/lib/diff_drive/__init__.py -> /home/alyssa/homework3-alyssa225/install/diff_drive/lib/python3.10/site-packages/diff_drive
[1.199s] byte-compiling /home/alyssa/homework3-alyssa225/install/diff_drive/lib/python3.10/site-packages/diff_drive/__init__.py to __init__.cpython-310.pyc
[1.199s] running install_data
[1.200s] creating /home/alyssa/homework3-alyssa225/install/diff_drive/share/ament_index
[1.200s] creating /home/alyssa/homework3-alyssa225/install/diff_drive/share/ament_index/resource_index
[1.201s] creating /home/alyssa/homework3-alyssa225/install/diff_drive/share/ament_index/resource_index/packages
[1.201s] copying resource/diff_drive -> /home/alyssa/homework3-alyssa225/install/diff_drive/share/ament_index/resource_index/packages
[1.201s] copying package.xml -> /home/alyssa/homework3-alyssa225/install/diff_drive/share/diff_drive
[1.201s] copying launch/ddrive.launch.py -> /home/alyssa/homework3-alyssa225/install/diff_drive/share/diff_drive
[1.201s] copying launch/ddrive_rviz.launch.py -> /home/alyssa/homework3-alyssa225/install/diff_drive/share/diff_drive
[1.202s] copying worlds/ddrive.world -> /home/alyssa/homework3-alyssa225/install/diff_drive/share/diff_drive
[1.202s] copying urdf/ddrive.urdf.xacro -> /home/alyssa/homework3-alyssa225/install/diff_drive/share/diff_drive
[1.202s] copying config/robot.yaml -> /home/alyssa/homework3-alyssa225/install/diff_drive/share/diff_drive
[1.202s] copying config/ddrive_urdf.rviz -> /home/alyssa/homework3-alyssa225/install/diff_drive/share/diff_drive
[1.202s] creating /home/alyssa/homework3-alyssa225/install/diff_drive/share/diff_drive/config
[1.203s] copying config/robot.yaml -> /home/alyssa/homework3-alyssa225/install/diff_drive/share/diff_drive/config
[1.203s] running install_egg_info
[1.205s] Copying ../build/diff_drive/diff_drive.egg-info to /home/alyssa/homework3-alyssa225/install/diff_drive/lib/python3.10/site-packages/diff_drive-0.0.0-py3.10.egg-info
[1.206s] running install_scripts
[1.229s] writing list of installed files to '/home/alyssa/homework3-alyssa225/build/diff_drive/install.log'
[1.281s] Invoked command in '/home/alyssa/homework3-alyssa225/diff_drive' returned '0': PYTHONPATH=/home/alyssa/homework3-alyssa225/install/diff_drive/lib/python3.10/site-packages:${PYTHONPATH} /usr/bin/python3 setup.py egg_info --egg-base ../build/diff_drive build --build-base /home/alyssa/homework3-alyssa225/build/diff_drive/build install --prefix /home/alyssa/homework3-alyssa225/install/diff_drive --record /home/alyssa/homework3-alyssa225/build/diff_drive/install.log --single-version-externally-managed
