[0.824s] Invoking command in '/home/alyssa/hw3_ws/src/homework3-alyssa225/arm_move': PYTHONPATH=/home/alyssa/hw3_ws/src/homework3-alyssa225/install/arm_move/lib/python3.10/site-packages:${PYTHONPATH} /usr/bin/python3 setup.py egg_info --egg-base ../build/arm_move build --build-base /home/alyssa/hw3_ws/src/homework3-alyssa225/build/arm_move/build install --prefix /home/alyssa/hw3_ws/src/homework3-alyssa225/install/arm_move --record /home/alyssa/hw3_ws/src/homework3-alyssa225/build/arm_move/install.log --single-version-externally-managed
[1.238s] running egg_info
[1.239s] creating ../build/arm_move/arm_move.egg-info
[1.239s] writing ../build/arm_move/arm_move.egg-info/PKG-INFO
[1.241s] writing dependency_links to ../build/arm_move/arm_move.egg-info/dependency_links.txt
[1.241s] writing entry points to ../build/arm_move/arm_move.egg-info/entry_points.txt
[1.241s] writing requirements to ../build/arm_move/arm_move.egg-info/requires.txt
[1.242s] writing top-level names to ../build/arm_move/arm_move.egg-info/top_level.txt
[1.242s] writing manifest file '../build/arm_move/arm_move.egg-info/SOURCES.txt'
[1.244s] reading manifest file '../build/arm_move/arm_move.egg-info/SOURCES.txt'
[1.245s] writing manifest file '../build/arm_move/arm_move.egg-info/SOURCES.txt'
[1.245s] running build
[1.246s] running build_py
[1.246s] creating /home/alyssa/hw3_ws/src/homework3-alyssa225/build/arm_move/build
[1.246s] creating /home/alyssa/hw3_ws/src/homework3-alyssa225/build/arm_move/build/lib
[1.246s] creating /home/alyssa/hw3_ws/src/homework3-alyssa225/build/arm_move/build/lib/arm_move
[1.246s] copying arm_move/__init__.py -> /home/alyssa/hw3_ws/src/homework3-alyssa225/build/arm_move/build/lib/arm_move
[1.246s] running install
[1.247s] /usr/lib/python3/dist-packages/setuptools/command/install.py:34: SetuptoolsDeprecationWarning: setup.py install is deprecated. Use build and pip and other standards-based tools.
[1.247s]   warnings.warn(
[1.247s] running install_lib
[1.249s] creating /home/alyssa/hw3_ws/src/homework3-alyssa225/install/arm_move/lib/python3.10/site-packages/arm_move
[1.250s] copying /home/alyssa/hw3_ws/src/homework3-alyssa225/build/arm_move/build/lib/arm_move/__init__.py -> /home/alyssa/hw3_ws/src/homework3-alyssa225/install/arm_move/lib/python3.10/site-packages/arm_move
[1.250s] byte-compiling /home/alyssa/hw3_ws/src/homework3-alyssa225/install/arm_move/lib/python3.10/site-packages/arm_move/__init__.py to __init__.cpython-310.pyc
[1.250s] running install_data
[1.251s] creating /home/alyssa/hw3_ws/src/homework3-alyssa225/install/arm_move/share/ament_index
[1.251s] creating /home/alyssa/hw3_ws/src/homework3-alyssa225/install/arm_move/share/ament_index/resource_index
[1.251s] creating /home/alyssa/hw3_ws/src/homework3-alyssa225/install/arm_move/share/ament_index/resource_index/packages
[1.251s] copying resource/arm_move -> /home/alyssa/hw3_ws/src/homework3-alyssa225/install/arm_move/share/ament_index/resource_index/packages
[1.251s] copying package.xml -> /home/alyssa/hw3_ws/src/homework3-alyssa225/install/arm_move/share/arm_move
[1.252s] running install_egg_info
[1.254s] Copying ../build/arm_move/arm_move.egg-info to /home/alyssa/hw3_ws/src/homework3-alyssa225/install/arm_move/lib/python3.10/site-packages/arm_move-0.0.0-py3.10.egg-info
[1.256s] running install_scripts
[1.293s] writing list of installed files to '/home/alyssa/hw3_ws/src/homework3-alyssa225/build/arm_move/install.log'
[1.343s] Invoked command in '/home/alyssa/hw3_ws/src/homework3-alyssa225/arm_move' returned '0': PYTHONPATH=/home/alyssa/hw3_ws/src/homework3-alyssa225/install/arm_move/lib/python3.10/site-packages:${PYTHONPATH} /usr/bin/python3 setup.py egg_info --egg-base ../build/arm_move build --build-base /home/alyssa/hw3_ws/src/homework3-alyssa225/build/arm_move/build install --prefix /home/alyssa/hw3_ws/src/homework3-alyssa225/install/arm_move --record /home/alyssa/hw3_ws/src/homework3-alyssa225/build/arm_move/install.log --single-version-externally-managed
