[2.010s] Invoking command in '/home/alyssa/homework3-alyssa225/arm_move': PYTHONPATH=/home/alyssa/homework3-alyssa225/install/arm_move/lib/python3.10/site-packages:${PYTHONPATH} /usr/bin/python3 setup.py egg_info --egg-base ../build/arm_move build --build-base /home/alyssa/homework3-alyssa225/build/arm_move/build install --prefix /home/alyssa/homework3-alyssa225/install/arm_move --record /home/alyssa/homework3-alyssa225/build/arm_move/install.log --single-version-externally-managed
[2.518s] running egg_info
[2.519s] writing ../build/arm_move/arm_move.egg-info/PKG-INFO
[2.519s] writing dependency_links to ../build/arm_move/arm_move.egg-info/dependency_links.txt
[2.519s] writing entry points to ../build/arm_move/arm_move.egg-info/entry_points.txt
[2.519s] writing requirements to ../build/arm_move/arm_move.egg-info/requires.txt
[2.519s] writing top-level names to ../build/arm_move/arm_move.egg-info/top_level.txt
[2.519s] reading manifest file '../build/arm_move/arm_move.egg-info/SOURCES.txt'
[2.520s] /usr/lib/python3/dist-packages/setuptools/command/install.py:34: SetuptoolsDeprecationWarning: setup.py install is deprecated. Use build and pip and other standards-based tools.
[2.520s]   warnings.warn(
[2.523s] writing manifest file '../build/arm_move/arm_move.egg-info/SOURCES.txt'
[2.523s] running build
[2.523s] running build_py
[2.523s] running install
[2.523s] running install_lib
[2.524s] running install_data
[2.524s] running install_egg_info
[2.527s] removing '/home/alyssa/homework3-alyssa225/install/arm_move/lib/python3.10/site-packages/arm_move-0.0.0-py3.10.egg-info' (and everything under it)
[2.538s] Copying ../build/arm_move/arm_move.egg-info to /home/alyssa/homework3-alyssa225/install/arm_move/lib/python3.10/site-packages/arm_move-0.0.0-py3.10.egg-info
[2.538s] running install_scripts
[2.578s] writing list of installed files to '/home/alyssa/homework3-alyssa225/build/arm_move/install.log'
[2.644s] Invoked command in '/home/alyssa/homework3-alyssa225/arm_move' returned '0': PYTHONPATH=/home/alyssa/homework3-alyssa225/install/arm_move/lib/python3.10/site-packages:${PYTHONPATH} /usr/bin/python3 setup.py egg_info --egg-base ../build/arm_move build --build-base /home/alyssa/homework3-alyssa225/build/arm_move/build install --prefix /home/alyssa/homework3-alyssa225/install/arm_move --record /home/alyssa/homework3-alyssa225/build/arm_move/install.log --single-version-externally-managed
