[0.851s] Invoking command in '/home/alyssa/homework3-alyssa225/arm_move': PYTHONPATH=/home/alyssa/homework3-alyssa225/install/arm_move/lib/python3.10/site-packages:${PYTHONPATH} /usr/bin/python3 setup.py egg_info --egg-base ../build/arm_move build --build-base /home/alyssa/homework3-alyssa225/build/arm_move/build install --prefix /home/alyssa/homework3-alyssa225/install/arm_move --record /home/alyssa/homework3-alyssa225/build/arm_move/install.log --single-version-externally-managed
[1.090s] running egg_info
[1.091s] writing ../build/arm_move/arm_move.egg-info/PKG-INFO
[1.091s] writing dependency_links to ../build/arm_move/arm_move.egg-info/dependency_links.txt
[1.091s] writing entry points to ../build/arm_move/arm_move.egg-info/entry_points.txt
[1.092s] writing requirements to ../build/arm_move/arm_move.egg-info/requires.txt
[1.092s] writing top-level names to ../build/arm_move/arm_move.egg-info/top_level.txt
[1.094s] reading manifest file '../build/arm_move/arm_move.egg-info/SOURCES.txt'
[1.095s] writing manifest file '../build/arm_move/arm_move.egg-info/SOURCES.txt'
[1.095s] running build
[1.096s] running build_py
[1.096s] running install
[1.096s] /usr/lib/python3/dist-packages/setuptools/command/install.py:34: SetuptoolsDeprecationWarning: setup.py install is deprecated. Use build and pip and other standards-based tools.
[1.096s]   warnings.warn(
[1.096s] running install_lib
[1.097s] running install_data
[1.098s] running install_egg_info
[1.099s] removing '/home/alyssa/homework3-alyssa225/install/arm_move/lib/python3.10/site-packages/arm_move-0.0.0-py3.10.egg-info' (and everything under it)
[1.100s] Copying ../build/arm_move/arm_move.egg-info to /home/alyssa/homework3-alyssa225/install/arm_move/lib/python3.10/site-packages/arm_move-0.0.0-py3.10.egg-info
[1.100s] running install_scripts
[1.121s] writing list of installed files to '/home/alyssa/homework3-alyssa225/build/arm_move/install.log'
[1.156s] Invoked command in '/home/alyssa/homework3-alyssa225/arm_move' returned '0': PYTHONPATH=/home/alyssa/homework3-alyssa225/install/arm_move/lib/python3.10/site-packages:${PYTHONPATH} /usr/bin/python3 setup.py egg_info --egg-base ../build/arm_move build --build-base /home/alyssa/homework3-alyssa225/build/arm_move/build install --prefix /home/alyssa/homework3-alyssa225/install/arm_move --record /home/alyssa/homework3-alyssa225/build/arm_move/install.log --single-version-externally-managed
