running egg_info
creating ../build/diff_drive/diff_drive.egg-info
writing ../build/diff_drive/diff_drive.egg-info/PKG-INFO
writing dependency_links to ../build/diff_drive/diff_drive.egg-info/dependency_links.txt
writing entry points to ../build/diff_drive/diff_drive.egg-info/entry_points.txt
writing requirements to ../build/diff_drive/diff_drive.egg-info/requires.txt
writing top-level names to ../build/diff_drive/diff_drive.egg-info/top_level.txt
writing manifest file '../build/diff_drive/diff_drive.egg-info/SOURCES.txt'
reading manifest file '../build/diff_drive/diff_drive.egg-info/SOURCES.txt'
writing manifest file '../build/diff_drive/diff_drive.egg-info/SOURCES.txt'
running build
running build_py
creating /home/alyssa/hw3_ws/src/homework3-alyssa225/build/diff_drive/build
creating /home/alyssa/hw3_ws/src/homework3-alyssa225/build/diff_drive/build/lib
creating /home/alyssa/hw3_ws/src/homework3-alyssa225/build/diff_drive/build/lib/diff_drive
copying diff_drive/flip.py -> /home/alyssa/hw3_ws/src/homework3-alyssa225/build/diff_drive/build/lib/diff_drive
copying diff_drive/__init__.py -> /home/alyssa/hw3_ws/src/homework3-alyssa225/build/diff_drive/build/lib/diff_drive
/usr/lib/python3/dist-packages/setuptools/command/install.py:34: SetuptoolsDeprecationWarning: setup.py install is deprecated. Use build and pip and other standards-based tools.
  warnings.warn(
running install
running install_lib
creating /home/alyssa/hw3_ws/src/homework3-alyssa225/install/diff_drive/lib/python3.10/site-packages/diff_drive
copying /home/alyssa/hw3_ws/src/homework3-alyssa225/build/diff_drive/build/lib/diff_drive/flip.py -> /home/alyssa/hw3_ws/src/homework3-alyssa225/install/diff_drive/lib/python3.10/site-packages/diff_drive
copying /home/alyssa/hw3_ws/src/homework3-alyssa225/build/diff_drive/build/lib/diff_drive/__init__.py -> /home/alyssa/hw3_ws/src/homework3-alyssa225/install/diff_drive/lib/python3.10/site-packages/diff_drive
byte-compiling /home/alyssa/hw3_ws/src/homework3-alyssa225/install/diff_drive/lib/python3.10/site-packages/diff_drive/flip.py to flip.cpython-310.pyc
byte-compiling /home/alyssa/hw3_ws/src/homework3-alyssa225/install/diff_drive/lib/python3.10/site-packages/diff_drive/__init__.py to __init__.cpython-310.pyc
running install_data
creating /home/alyssa/hw3_ws/src/homework3-alyssa225/install/diff_drive/share/ament_index
creating /home/alyssa/hw3_ws/src/homework3-alyssa225/install/diff_drive/share/ament_index/resource_index
creating /home/alyssa/hw3_ws/src/homework3-alyssa225/install/diff_drive/share/ament_index/resource_index/packages
copying resource/diff_drive -> /home/alyssa/hw3_ws/src/homework3-alyssa225/install/diff_drive/share/ament_index/resource_index/packages
copying package.xml -> /home/alyssa/hw3_ws/src/homework3-alyssa225/install/diff_drive/share/diff_drive
creating /home/alyssa/hw3_ws/src/homework3-alyssa225/install/diff_drive/share/diff_drive/urdf
copying urdf/ddrive.gazebo.xacro -> /home/alyssa/hw3_ws/src/homework3-alyssa225/install/diff_drive/share/diff_drive/urdf
copying urdf/ddrive.urdf.xacro -> /home/alyssa/hw3_ws/src/homework3-alyssa225/install/diff_drive/share/diff_drive/urdf
creating /home/alyssa/hw3_ws/src/homework3-alyssa225/install/diff_drive/share/diff_drive/config
copying config/robot.yaml -> /home/alyssa/hw3_ws/src/homework3-alyssa225/install/diff_drive/share/diff_drive/config
creating /home/alyssa/hw3_ws/src/homework3-alyssa225/install/diff_drive/share/diff_drive/launch
copying launch/ddrive_rviz.launch.py -> /home/alyssa/hw3_ws/src/homework3-alyssa225/install/diff_drive/share/diff_drive/launch
copying launch/ddrive.launch.py -> /home/alyssa/hw3_ws/src/homework3-alyssa225/install/diff_drive/share/diff_drive/launch
creating /home/alyssa/hw3_ws/src/homework3-alyssa225/install/diff_drive/share/diff_drive/worlds
copying worlds/ddrive.world -> /home/alyssa/hw3_ws/src/homework3-alyssa225/install/diff_drive/share/diff_drive/worlds
running install_egg_info
Copying ../build/diff_drive/diff_drive.egg-info to /home/alyssa/hw3_ws/src/homework3-alyssa225/install/diff_drive/lib/python3.10/site-packages/diff_drive-0.0.0-py3.10.egg-info
running install_scripts
Installing flip script to /home/alyssa/hw3_ws/src/homework3-alyssa225/install/diff_drive/lib/diff_drive
writing list of installed files to '/home/alyssa/hw3_ws/src/homework3-alyssa225/build/diff_drive/install.log'
