[0.809s] Invoking command in '/home/alyssa/hw3_ws/src/homework3-alyssa225/diff_drive': PYTHONPATH=/home/alyssa/hw3_ws/src/homework3-alyssa225/install/diff_drive/lib/python3.10/site-packages:${PYTHONPATH} /usr/bin/python3 setup.py egg_info --egg-base ../build/diff_drive build --build-base /home/alyssa/hw3_ws/src/homework3-alyssa225/build/diff_drive/build install --prefix /home/alyssa/hw3_ws/src/homework3-alyssa225/install/diff_drive --record /home/alyssa/hw3_ws/src/homework3-alyssa225/build/diff_drive/install.log --single-version-externally-managed
[1.230s] running egg_info
[1.232s] creating ../build/diff_drive/diff_drive.egg-info
[1.232s] writing ../build/diff_drive/diff_drive.egg-info/PKG-INFO
[1.233s] writing dependency_links to ../build/diff_drive/diff_drive.egg-info/dependency_links.txt
[1.233s] writing entry points to ../build/diff_drive/diff_drive.egg-info/entry_points.txt
[1.233s] writing requirements to ../build/diff_drive/diff_drive.egg-info/requires.txt
[1.233s] writing top-level names to ../build/diff_drive/diff_drive.egg-info/top_level.txt
[1.233s] writing manifest file '../build/diff_drive/diff_drive.egg-info/SOURCES.txt'
[1.236s] reading manifest file '../build/diff_drive/diff_drive.egg-info/SOURCES.txt'
[1.238s] writing manifest file '../build/diff_drive/diff_drive.egg-info/SOURCES.txt'
[1.238s] running build
[1.238s] running build_py
[1.238s] creating /home/alyssa/hw3_ws/src/homework3-alyssa225/build/diff_drive/build
[1.238s] creating /home/alyssa/hw3_ws/src/homework3-alyssa225/build/diff_drive/build/lib
[1.238s] creating /home/alyssa/hw3_ws/src/homework3-alyssa225/build/diff_drive/build/lib/diff_drive
[1.238s] copying diff_drive/flip.py -> /home/alyssa/hw3_ws/src/homework3-alyssa225/build/diff_drive/build/lib/diff_drive
[1.239s] copying diff_drive/__init__.py -> /home/alyssa/hw3_ws/src/homework3-alyssa225/build/diff_drive/build/lib/diff_drive
[1.239s] /usr/lib/python3/dist-packages/setuptools/command/install.py:34: SetuptoolsDeprecationWarning: setup.py install is deprecated. Use build and pip and other standards-based tools.
[1.239s]   warnings.warn(
[1.239s] running install
[1.240s] running install_lib
[1.241s] creating /home/alyssa/hw3_ws/src/homework3-alyssa225/install/diff_drive/lib/python3.10/site-packages/diff_drive
[1.241s] copying /home/alyssa/hw3_ws/src/homework3-alyssa225/build/diff_drive/build/lib/diff_drive/flip.py -> /home/alyssa/hw3_ws/src/homework3-alyssa225/install/diff_drive/lib/python3.10/site-packages/diff_drive
[1.241s] copying /home/alyssa/hw3_ws/src/homework3-alyssa225/build/diff_drive/build/lib/diff_drive/__init__.py -> /home/alyssa/hw3_ws/src/homework3-alyssa225/install/diff_drive/lib/python3.10/site-packages/diff_drive
[1.242s] byte-compiling /home/alyssa/hw3_ws/src/homework3-alyssa225/install/diff_drive/lib/python3.10/site-packages/diff_drive/flip.py to flip.cpython-310.pyc
[1.243s] byte-compiling /home/alyssa/hw3_ws/src/homework3-alyssa225/install/diff_drive/lib/python3.10/site-packages/diff_drive/__init__.py to __init__.cpython-310.pyc
[1.243s] running install_data
[1.244s] creating /home/alyssa/hw3_ws/src/homework3-alyssa225/install/diff_drive/share/ament_index
[1.244s] creating /home/alyssa/hw3_ws/src/homework3-alyssa225/install/diff_drive/share/ament_index/resource_index
[1.244s] creating /home/alyssa/hw3_ws/src/homework3-alyssa225/install/diff_drive/share/ament_index/resource_index/packages
[1.245s] copying resource/diff_drive -> /home/alyssa/hw3_ws/src/homework3-alyssa225/install/diff_drive/share/ament_index/resource_index/packages
[1.245s] copying package.xml -> /home/alyssa/hw3_ws/src/homework3-alyssa225/install/diff_drive/share/diff_drive
[1.245s] creating /home/alyssa/hw3_ws/src/homework3-alyssa225/install/diff_drive/share/diff_drive/urdf
[1.245s] copying urdf/ddrive.gazebo.xacro -> /home/alyssa/hw3_ws/src/homework3-alyssa225/install/diff_drive/share/diff_drive/urdf
[1.245s] copying urdf/ddrive.urdf.xacro -> /home/alyssa/hw3_ws/src/homework3-alyssa225/install/diff_drive/share/diff_drive/urdf
[1.246s] creating /home/alyssa/hw3_ws/src/homework3-alyssa225/install/diff_drive/share/diff_drive/config
[1.246s] copying config/robot.yaml -> /home/alyssa/hw3_ws/src/homework3-alyssa225/install/diff_drive/share/diff_drive/config
[1.246s] creating /home/alyssa/hw3_ws/src/homework3-alyssa225/install/diff_drive/share/diff_drive/launch
[1.246s] copying launch/ddrive_rviz.launch.py -> /home/alyssa/hw3_ws/src/homework3-alyssa225/install/diff_drive/share/diff_drive/launch
[1.246s] copying launch/ddrive.launch.py -> /home/alyssa/hw3_ws/src/homework3-alyssa225/install/diff_drive/share/diff_drive/launch
[1.246s] creating /home/alyssa/hw3_ws/src/homework3-alyssa225/install/diff_drive/share/diff_drive/worlds
[1.247s] copying worlds/ddrive.world -> /home/alyssa/hw3_ws/src/homework3-alyssa225/install/diff_drive/share/diff_drive/worlds
[1.247s] running install_egg_info
[1.250s] Copying ../build/diff_drive/diff_drive.egg-info to /home/alyssa/hw3_ws/src/homework3-alyssa225/install/diff_drive/lib/python3.10/site-packages/diff_drive-0.0.0-py3.10.egg-info
[1.251s] running install_scripts
[1.283s] Installing flip script to /home/alyssa/hw3_ws/src/homework3-alyssa225/install/diff_drive/lib/diff_drive
[1.284s] writing list of installed files to '/home/alyssa/hw3_ws/src/homework3-alyssa225/build/diff_drive/install.log'
[1.313s] Invoked command in '/home/alyssa/hw3_ws/src/homework3-alyssa225/diff_drive' returned '0': PYTHONPATH=/home/alyssa/hw3_ws/src/homework3-alyssa225/install/diff_drive/lib/python3.10/site-packages:${PYTHONPATH} /usr/bin/python3 setup.py egg_info --egg-base ../build/diff_drive build --build-base /home/alyssa/hw3_ws/src/homework3-alyssa225/build/diff_drive/build install --prefix /home/alyssa/hw3_ws/src/homework3-alyssa225/install/diff_drive --record /home/alyssa/hw3_ws/src/homework3-alyssa225/build/diff_drive/install.log --single-version-externally-managed
