running egg_info
writing ../build/diff_drive/diff_drive.egg-info/PKG-INFO
writing dependency_links to ../build/diff_drive/diff_drive.egg-info/dependency_links.txt
writing entry points to ../build/diff_drive/diff_drive.egg-info/entry_points.txt
writing requirements to ../build/diff_drive/diff_drive.egg-info/requires.txt
writing top-level names to ../build/diff_drive/diff_drive.egg-info/top_level.txt
reading manifest file '../build/diff_drive/diff_drive.egg-info/SOURCES.txt'
writing manifest file '../build/diff_drive/diff_drive.egg-info/SOURCES.txt'
running build
running build_py
copying diff_drive/flip.py -> /home/alyssa/homework3-alyssa225/build/diff_drive/build/lib/diff_drive
running install
running install_lib
copying /home/alyssa/homework3-alyssa225/build/diff_drive/build/lib/diff_drive/flip.py -> /home/alyssa/homework3-alyssa225/install/diff_drive/lib/python3.10/site-packages/diff_drive
byte-compiling /home/alyssa/homework3-alyssa225/install/diff_drive/lib/python3.10/site-packages/diff_drive/flip.py to flip.cpython-310.pyc
running install_data
copying urdf/ddrive.urdf.xacro -> /home/alyssa/homework3-alyssa225/install/diff_drive/share/diff_drive/urdf
copying config/robot.yaml -> /home/alyssa/homework3-alyssa225/install/diff_drive/share/diff_drive/config
running install_egg_info
removing '/home/alyssa/homework3-alyssa225/install/diff_drive/lib/python3.10/site-packages/diff_drive-0.0.0-py3.10.egg-info' (and everything under it)
Copying ../build/diff_drive/diff_drive.egg-info to /home/alyssa/homework3-alyssa225/install/diff_drive/lib/python3.10/site-packages/diff_drive-0.0.0-py3.10.egg-info
running install_scripts
Installing flip script to /home/alyssa/homework3-alyssa225/install/diff_drive/lib/diff_drive
writing list of installed files to '/home/alyssa/homework3-alyssa225/build/diff_drive/install.log'
