/home/alyssa/hw3_ws/src/homework3-alyssa225/install/diff_drive/lib/python3.10/site-packages/diff_drive/flip.py
/home/alyssa/hw3_ws/src/homework3-alyssa225/install/diff_drive/lib/python3.10/site-packages/diff_drive/__init__.py
/home/alyssa/hw3_ws/src/homework3-alyssa225/install/diff_drive/lib/python3.10/site-packages/diff_drive/__pycache__/flip.cpython-310.pyc
/home/alyssa/hw3_ws/src/homework3-alyssa225/install/diff_drive/lib/python3.10/site-packages/diff_drive/__pycache__/__init__.cpython-310.pyc
/home/alyssa/hw3_ws/src/homework3-alyssa225/install/diff_drive/share/ament_index/resource_index/packages/diff_drive
/home/alyssa/hw3_ws/src/homework3-alyssa225/install/diff_drive/share/diff_drive/package.xml
/home/alyssa/hw3_ws/src/homework3-alyssa225/install/diff_drive/share/diff_drive/urdf/ddrive.gazebo.xacro
/home/alyssa/hw3_ws/src/homework3-alyssa225/install/diff_drive/share/diff_drive/urdf/ddrive.urdf.xacro
/home/alyssa/hw3_ws/src/homework3-alyssa225/install/diff_drive/share/diff_drive/config/robot.yaml
/home/alyssa/hw3_ws/src/homework3-alyssa225/install/diff_drive/share/diff_drive/launch/ddrive_rviz.launch.py
/home/alyssa/hw3_ws/src/homework3-alyssa225/install/diff_drive/share/diff_drive/launch/ddrive.launch.py
/home/alyssa/hw3_ws/src/homework3-alyssa225/install/diff_drive/share/diff_drive/worlds/ddrive.world
/home/alyssa/hw3_ws/src/homework3-alyssa225/install/diff_drive/lib/python3.10/site-packages/diff_drive-0.0.0-py3.10.egg-info/requires.txt
/home/alyssa/hw3_ws/src/homework3-alyssa225/install/diff_drive/lib/python3.10/site-packages/diff_drive-0.0.0-py3.10.egg-info/zip-safe
/home/alyssa/hw3_ws/src/homework3-alyssa225/install/diff_drive/lib/python3.10/site-packages/diff_drive-0.0.0-py3.10.egg-info/top_level.txt
/home/alyssa/hw3_ws/src/homework3-alyssa225/install/diff_drive/lib/python3.10/site-packages/diff_drive-0.0.0-py3.10.egg-info/dependency_links.txt
/home/alyssa/hw3_ws/src/homework3-alyssa225/install/diff_drive/lib/python3.10/site-packages/diff_drive-0.0.0-py3.10.egg-info/SOURCES.txt
/home/alyssa/hw3_ws/src/homework3-alyssa225/install/diff_drive/lib/python3.10/site-packages/diff_drive-0.0.0-py3.10.egg-info/PKG-INFO
/home/alyssa/hw3_ws/src/homework3-alyssa225/install/diff_drive/lib/python3.10/site-packages/diff_drive-0.0.0-py3.10.egg-info/entry_points.txt
/home/alyssa/hw3_ws/src/homework3-alyssa225/install/diff_drive/lib/diff_drive/flip
