[0.278s] DEBUG:colcon:Command line arguments: ['/usr/bin/colcon', 'build']
[0.278s] DEBUG:colcon:Parsed command line arguments: Namespace(log_base=None, log_level=None, verb_name='build', build_base='build', install_base='install', merge_install=False, symlink_install=False, test_result_base=None, continue_on_error=False, executor='parallel', parallel_workers=8, event_handlers=None, ignore_user_meta=False, metas=['./colcon.meta'], base_paths=['.'], packages_ignore=None, packages_ignore_regex=None, paths=None, packages_up_to=None, packages_up_to_regex=None, packages_above=None, packages_above_and_dependencies=None, packages_above_depth=None, packages_select_by_dep=None, packages_skip_by_dep=None, packages_skip_up_to=None, packages_select_build_failed=False, packages_skip_build_finished=False, packages_select_test_failures=False, packages_skip_test_passed=False, packages_select=None, packages_skip=None, packages_select_regex=None, packages_skip_regex=None, packages_start=None, packages_end=None, allow_overriding=[], cmake_args=None, cmake_target=None, cmake_target_skip_unavailable=False, cmake_clean_cache=False, cmake_clean_first=False, cmake_force_configure=False, ament_cmake_args=None, catkin_cmake_args=None, catkin_skip_building_tests=False, mixin_files=None, mixin=None, verb_parser=<colcon_mixin.mixin.mixin_argument.MixinArgumentDecorator object at 0x7f3dc0d1f280>, verb_extension=<colcon_core.verb.build.BuildVerb object at 0x7f3dc168ead0>, main=<bound method BuildVerb.main of <colcon_core.verb.build.BuildVerb object at 0x7f3dc168ead0>>, mixin_verb=('build',))
[0.303s] Level 1:colcon.colcon_core.package_discovery:discover_packages(colcon_meta) check parameters
[0.303s] Level 1:colcon.colcon_core.package_discovery:discover_packages(recursive) check parameters
[0.303s] Level 1:colcon.colcon_core.package_discovery:discover_packages(ignore) check parameters
[0.303s] Level 1:colcon.colcon_core.package_discovery:discover_packages(path) check parameters
[0.303s] Level 1:colcon.colcon_core.package_discovery:discover_packages(colcon_meta) discover
[0.303s] Level 1:colcon.colcon_core.package_discovery:discover_packages(recursive) discover
[0.303s] INFO:colcon.colcon_core.package_discovery:Crawling recursively for packages in '/home/alyssa/homework3-alyssa225'
[0.303s] Level 1:colcon.colcon_core.package_identification:_identify(.) by extensions ['ignore', 'ignore_ament_install']
[0.304s] Level 1:colcon.colcon_core.package_identification:_identify(.) by extension 'ignore'
[0.304s] Level 1:colcon.colcon_core.package_identification:_identify(.) by extension 'ignore_ament_install'
[0.304s] Level 1:colcon.colcon_core.package_identification:_identify(.) by extensions ['colcon_pkg']
[0.304s] Level 1:colcon.colcon_core.package_identification:_identify(.) by extension 'colcon_pkg'
[0.304s] Level 1:colcon.colcon_core.package_identification:_identify(.) by extensions ['colcon_meta']
[0.304s] Level 1:colcon.colcon_core.package_identification:_identify(.) by extension 'colcon_meta'
[0.304s] Level 1:colcon.colcon_core.package_identification:_identify(.) by extensions ['ros']
[0.304s] Level 1:colcon.colcon_core.package_identification:_identify(.) by extension 'ros'
[0.313s] Level 1:colcon.colcon_core.package_identification:_identify(.) by extensions ['cmake', 'python']
[0.313s] Level 1:colcon.colcon_core.package_identification:_identify(.) by extension 'cmake'
[0.314s] Level 1:colcon.colcon_core.package_identification:_identify(.) by extension 'python'
[0.314s] Level 1:colcon.colcon_core.package_identification:_identify(.) by extensions ['python_setup_py']
[0.314s] Level 1:colcon.colcon_core.package_identification:_identify(.) by extension 'python_setup_py'
[0.314s] Level 1:colcon.colcon_core.package_identification:_identify(arm_move) by extensions ['ignore', 'ignore_ament_install']
[0.314s] Level 1:colcon.colcon_core.package_identification:_identify(arm_move) by extension 'ignore'
[0.314s] Level 1:colcon.colcon_core.package_identification:_identify(arm_move) by extension 'ignore_ament_install'
[0.314s] Level 1:colcon.colcon_core.package_identification:_identify(arm_move) by extensions ['colcon_pkg']
[0.314s] Level 1:colcon.colcon_core.package_identification:_identify(arm_move) by extension 'colcon_pkg'
[0.314s] Level 1:colcon.colcon_core.package_identification:_identify(arm_move) by extensions ['colcon_meta']
[0.314s] Level 1:colcon.colcon_core.package_identification:_identify(arm_move) by extension 'colcon_meta'
[0.314s] Level 1:colcon.colcon_core.package_identification:_identify(arm_move) by extensions ['ros']
[0.314s] Level 1:colcon.colcon_core.package_identification:_identify(arm_move) by extension 'ros'
[0.316s] DEBUG:colcon.colcon_core.package_identification:Package 'arm_move' with type 'ros.ament_python' and name 'arm_move'
[0.316s] Level 1:colcon.colcon_core.package_identification:_identify(build) by extensions ['ignore', 'ignore_ament_install']
[0.316s] Level 1:colcon.colcon_core.package_identification:_identify(build) by extension 'ignore'
[0.316s] Level 1:colcon.colcon_core.package_identification:_identify(build) ignored
[0.316s] Level 1:colcon.colcon_core.package_identification:_identify(diff_drive) by extensions ['ignore', 'ignore_ament_install']
[0.316s] Level 1:colcon.colcon_core.package_identification:_identify(diff_drive) by extension 'ignore'
[0.316s] Level 1:colcon.colcon_core.package_identification:_identify(diff_drive) by extension 'ignore_ament_install'
[0.316s] Level 1:colcon.colcon_core.package_identification:_identify(diff_drive) by extensions ['colcon_pkg']
[0.316s] Level 1:colcon.colcon_core.package_identification:_identify(diff_drive) by extension 'colcon_pkg'
[0.316s] Level 1:colcon.colcon_core.package_identification:_identify(diff_drive) by extensions ['colcon_meta']
[0.316s] Level 1:colcon.colcon_core.package_identification:_identify(diff_drive) by extension 'colcon_meta'
[0.316s] Level 1:colcon.colcon_core.package_identification:_identify(diff_drive) by extensions ['ros']
[0.317s] Level 1:colcon.colcon_core.package_identification:_identify(diff_drive) by extension 'ros'
[0.317s] DEBUG:colcon.colcon_core.package_identification:Package 'diff_drive' with type 'ros.ament_python' and name 'diff_drive'
[0.317s] Level 1:colcon.colcon_core.package_identification:_identify(install) by extensions ['ignore', 'ignore_ament_install']
[0.317s] Level 1:colcon.colcon_core.package_identification:_identify(install) by extension 'ignore'
[0.317s] Level 1:colcon.colcon_core.package_identification:_identify(install) ignored
[0.317s] Level 1:colcon.colcon_core.package_identification:_identify(log) by extensions ['ignore', 'ignore_ament_install']
[0.317s] Level 1:colcon.colcon_core.package_identification:_identify(log) by extension 'ignore'
[0.317s] Level 1:colcon.colcon_core.package_identification:_identify(log) ignored
[0.317s] Level 1:colcon.colcon_core.package_discovery:discover_packages(recursive) using defaults
[0.318s] Level 1:colcon.colcon_core.package_discovery:discover_packages(ignore) discover
[0.318s] Level 1:colcon.colcon_core.package_discovery:discover_packages(ignore) using defaults
[0.318s] Level 1:colcon.colcon_core.package_discovery:discover_packages(path) discover
[0.318s] Level 1:colcon.colcon_core.package_discovery:discover_packages(path) using defaults
[0.337s] Level 1:colcon.colcon_core.package_discovery:discover_packages(prefix_path) check parameters
[0.337s] Level 1:colcon.colcon_core.package_discovery:discover_packages(prefix_path) discover
[0.339s] DEBUG:colcon.colcon_installed_package_information.package_discovery:Found 2 installed packages in /home/alyssa/homework3-alyssa225/install
[0.340s] DEBUG:colcon.colcon_installed_package_information.package_discovery:Found 4 installed packages in /home/alyssa/homework2-alyssa225/install
[0.340s] DEBUG:colcon.colcon_installed_package_information.package_discovery:Found 1 installed packages in /home/alyssa/hw3group-jengabells/install
[0.342s] DEBUG:colcon.colcon_installed_package_information.package_discovery:Found 390 installed packages in /opt/ros/humble
[0.344s] Level 1:colcon.colcon_core.package_discovery:discover_packages(prefix_path) using defaults
[0.407s] Level 5:colcon.colcon_core.verb:set package 'arm_move' build argument 'cmake_args' from command line to 'None'
[0.407s] Level 5:colcon.colcon_core.verb:set package 'arm_move' build argument 'cmake_target' from command line to 'None'
[0.407s] Level 5:colcon.colcon_core.verb:set package 'arm_move' build argument 'cmake_target_skip_unavailable' from command line to 'False'
[0.407s] Level 5:colcon.colcon_core.verb:set package 'arm_move' build argument 'cmake_clean_cache' from command line to 'False'
[0.407s] Level 5:colcon.colcon_core.verb:set package 'arm_move' build argument 'cmake_clean_first' from command line to 'False'
[0.407s] Level 5:colcon.colcon_core.verb:set package 'arm_move' build argument 'cmake_force_configure' from command line to 'False'
[0.407s] Level 5:colcon.colcon_core.verb:set package 'arm_move' build argument 'ament_cmake_args' from command line to 'None'
[0.408s] Level 5:colcon.colcon_core.verb:set package 'arm_move' build argument 'catkin_cmake_args' from command line to 'None'
[0.408s] Level 5:colcon.colcon_core.verb:set package 'arm_move' build argument 'catkin_skip_building_tests' from command line to 'False'
[0.408s] DEBUG:colcon.colcon_core.verb:Building package 'arm_move' with the following arguments: {'ament_cmake_args': None, 'build_base': '/home/alyssa/homework3-alyssa225/build/arm_move', 'catkin_cmake_args': None, 'catkin_skip_building_tests': False, 'cmake_args': None, 'cmake_clean_cache': False, 'cmake_clean_first': False, 'cmake_force_configure': False, 'cmake_target': None, 'cmake_target_skip_unavailable': False, 'install_base': '/home/alyssa/homework3-alyssa225/install/arm_move', 'merge_install': False, 'path': '/home/alyssa/homework3-alyssa225/arm_move', 'symlink_install': False, 'test_result_base': None}
[0.408s] Level 5:colcon.colcon_core.verb:set package 'diff_drive' build argument 'cmake_args' from command line to 'None'
[0.409s] Level 5:colcon.colcon_core.verb:set package 'diff_drive' build argument 'cmake_target' from command line to 'None'
[0.409s] Level 5:colcon.colcon_core.verb:set package 'diff_drive' build argument 'cmake_target_skip_unavailable' from command line to 'False'
[0.409s] Level 5:colcon.colcon_core.verb:set package 'diff_drive' build argument 'cmake_clean_cache' from command line to 'False'
[0.409s] Level 5:colcon.colcon_core.verb:set package 'diff_drive' build argument 'cmake_clean_first' from command line to 'False'
[0.409s] Level 5:colcon.colcon_core.verb:set package 'diff_drive' build argument 'cmake_force_configure' from command line to 'False'
[0.409s] Level 5:colcon.colcon_core.verb:set package 'diff_drive' build argument 'ament_cmake_args' from command line to 'None'
[0.409s] Level 5:colcon.colcon_core.verb:set package 'diff_drive' build argument 'catkin_cmake_args' from command line to 'None'
[0.409s] Level 5:colcon.colcon_core.verb:set package 'diff_drive' build argument 'catkin_skip_building_tests' from command line to 'False'
[0.409s] DEBUG:colcon.colcon_core.verb:Building package 'diff_drive' with the following arguments: {'ament_cmake_args': None, 'build_base': '/home/alyssa/homework3-alyssa225/build/diff_drive', 'catkin_cmake_args': None, 'catkin_skip_building_tests': False, 'cmake_args': None, 'cmake_clean_cache': False, 'cmake_clean_first': False, 'cmake_force_configure': False, 'cmake_target': None, 'cmake_target_skip_unavailable': False, 'install_base': '/home/alyssa/homework3-alyssa225/install/diff_drive', 'merge_install': False, 'path': '/home/alyssa/homework3-alyssa225/diff_drive', 'symlink_install': False, 'test_result_base': None}
[0.410s] INFO:colcon.colcon_core.executor:Executing jobs using 'parallel' executor
[0.413s] DEBUG:colcon.colcon_parallel_executor.executor.parallel:run_until_complete
[0.413s] INFO:colcon.colcon_ros.task.ament_python.build:Building ROS package in '/home/alyssa/homework3-alyssa225/arm_move' with build type 'ament_python'
[0.413s] Level 1:colcon.colcon_core.shell:create_environment_hook('arm_move', 'ament_prefix_path')
[0.417s] INFO:colcon.colcon_core.plugin_system:Skipping extension 'colcon_core.shell.bat': Not used on non-Windows systems
[0.417s] INFO:colcon.colcon_core.shell:Creating environment hook '/home/alyssa/homework3-alyssa225/install/arm_move/share/arm_move/hook/ament_prefix_path.ps1'
[0.418s] INFO:colcon.colcon_core.shell:Creating environment descriptor '/home/alyssa/homework3-alyssa225/install/arm_move/share/arm_move/hook/ament_prefix_path.dsv'
[0.418s] INFO:colcon.colcon_core.shell:Creating environment hook '/home/alyssa/homework3-alyssa225/install/arm_move/share/arm_move/hook/ament_prefix_path.sh'
[0.419s] INFO:colcon.colcon_core.shell:Skip shell extension 'powershell' for command environment: Not usable outside of PowerShell
[0.419s] DEBUG:colcon.colcon_core.shell:Skip shell extension 'dsv' for command environment
[0.425s] INFO:colcon.colcon_ros.task.ament_python.build:Building ROS package in '/home/alyssa/homework3-alyssa225/diff_drive' with build type 'ament_python'
[0.425s] Level 1:colcon.colcon_core.shell:create_environment_hook('diff_drive', 'ament_prefix_path')
[0.426s] INFO:colcon.colcon_core.shell:Creating environment hook '/home/alyssa/homework3-alyssa225/install/diff_drive/share/diff_drive/hook/ament_prefix_path.ps1'
[0.427s] INFO:colcon.colcon_core.shell:Creating environment descriptor '/home/alyssa/homework3-alyssa225/install/diff_drive/share/diff_drive/hook/ament_prefix_path.dsv'
[0.428s] INFO:colcon.colcon_core.shell:Creating environment hook '/home/alyssa/homework3-alyssa225/install/diff_drive/share/diff_drive/hook/ament_prefix_path.sh'
[0.429s] INFO:colcon.colcon_core.shell:Skip shell extension 'powershell' for command environment: Not usable outside of PowerShell
[0.429s] DEBUG:colcon.colcon_core.shell:Skip shell extension 'dsv' for command environment
[0.690s] INFO:colcon.colcon_core.task.python.build:Building Python package in '/home/alyssa/homework3-alyssa225/arm_move'
[0.691s] INFO:colcon.colcon_core.shell:Skip shell extension 'powershell' for command environment: Not usable outside of PowerShell
[0.691s] DEBUG:colcon.colcon_core.shell:Skip shell extension 'dsv' for command environment
[0.917s] INFO:colcon.colcon_core.task.python.build:Building Python package in '/home/alyssa/homework3-alyssa225/diff_drive'
[0.918s] INFO:colcon.colcon_core.shell:Skip shell extension 'powershell' for command environment: Not usable outside of PowerShell
[0.918s] DEBUG:colcon.colcon_core.shell:Skip shell extension 'dsv' for command environment
[1.245s] DEBUG:colcon.colcon_core.event_handler.log_command:Invoking command in '/home/alyssa/homework3-alyssa225/arm_move': PYTHONPATH=/home/alyssa/homework3-alyssa225/install/arm_move/lib/python3.10/site-packages:${PYTHONPATH} /usr/bin/python3 setup.py egg_info --egg-base ../build/arm_move build --build-base /home/alyssa/homework3-alyssa225/build/arm_move/build install --prefix /home/alyssa/homework3-alyssa225/install/arm_move --record /home/alyssa/homework3-alyssa225/build/arm_move/install.log --single-version-externally-managed
[1.250s] DEBUG:colcon.colcon_core.event_handler.log_command:Invoking command in '/home/alyssa/homework3-alyssa225/diff_drive': PYTHONPATH=/home/alyssa/homework3-alyssa225/install/diff_drive/lib/python3.10/site-packages:${PYTHONPATH} /usr/bin/python3 setup.py egg_info --egg-base ../build/diff_drive build --build-base /home/alyssa/homework3-alyssa225/build/diff_drive/build install --prefix /home/alyssa/homework3-alyssa225/install/diff_drive --record /home/alyssa/homework3-alyssa225/build/diff_drive/install.log --single-version-externally-managed
[1.534s] DEBUG:colcon.colcon_core.event_handler.log_command:Invoked command in '/home/alyssa/homework3-alyssa225/diff_drive' returned '0': PYTHONPATH=/home/alyssa/homework3-alyssa225/install/diff_drive/lib/python3.10/site-packages:${PYTHONPATH} /usr/bin/python3 setup.py egg_info --egg-base ../build/diff_drive build --build-base /home/alyssa/homework3-alyssa225/build/diff_drive/build install --prefix /home/alyssa/homework3-alyssa225/install/diff_drive --record /home/alyssa/homework3-alyssa225/build/diff_drive/install.log --single-version-externally-managed
[1.538s] Level 1:colcon.colcon_core.environment:checking '/home/alyssa/homework3-alyssa225/install/diff_drive' for CMake module files
[1.539s] Level 1:colcon.colcon_core.environment:checking '/home/alyssa/homework3-alyssa225/install/diff_drive' for CMake config files
[1.539s] Level 1:colcon.colcon_core.environment:checking '/home/alyssa/homework3-alyssa225/install/diff_drive/lib'
[1.540s] Level 1:colcon.colcon_core.environment:checking '/home/alyssa/homework3-alyssa225/install/diff_drive/bin'
[1.540s] Level 1:colcon.colcon_core.environment:checking '/home/alyssa/homework3-alyssa225/install/diff_drive/lib/pkgconfig/diff_drive.pc'
[1.540s] Level 1:colcon.colcon_core.environment:checking '/home/alyssa/homework3-alyssa225/install/diff_drive/lib/python3.10/site-packages'
[1.540s] Level 1:colcon.colcon_core.shell:create_environment_hook('diff_drive', 'pythonpath')
[1.542s] INFO:colcon.colcon_core.shell:Creating environment hook '/home/alyssa/homework3-alyssa225/install/diff_drive/share/diff_drive/hook/pythonpath.ps1'
[1.542s] INFO:colcon.colcon_core.shell:Creating environment descriptor '/home/alyssa/homework3-alyssa225/install/diff_drive/share/diff_drive/hook/pythonpath.dsv'
[1.543s] INFO:colcon.colcon_core.shell:Creating environment hook '/home/alyssa/homework3-alyssa225/install/diff_drive/share/diff_drive/hook/pythonpath.sh'
[1.544s] Level 1:colcon.colcon_core.environment:checking '/home/alyssa/homework3-alyssa225/install/diff_drive/bin'
[1.544s] Level 1:colcon.colcon_core.environment:create_environment_scripts_only(diff_drive)
[1.545s] INFO:colcon.colcon_core.shell:Creating package script '/home/alyssa/homework3-alyssa225/install/diff_drive/share/diff_drive/package.ps1'
[1.546s] INFO:colcon.colcon_core.shell:Creating package descriptor '/home/alyssa/homework3-alyssa225/install/diff_drive/share/diff_drive/package.dsv'
[1.546s] INFO:colcon.colcon_core.shell:Creating package script '/home/alyssa/homework3-alyssa225/install/diff_drive/share/diff_drive/package.sh'
[1.547s] INFO:colcon.colcon_core.shell:Creating package script '/home/alyssa/homework3-alyssa225/install/diff_drive/share/diff_drive/package.bash'
[1.548s] INFO:colcon.colcon_core.shell:Creating package script '/home/alyssa/homework3-alyssa225/install/diff_drive/share/diff_drive/package.zsh'
[1.548s] Level 1:colcon.colcon_core.environment:create_file_with_runtime_dependencies(/home/alyssa/homework3-alyssa225/install/diff_drive/share/colcon-core/packages/diff_drive)
[1.551s] Level 1:colcon.colcon_core.environment:checking '/home/alyssa/homework3-alyssa225/install/arm_move' for CMake module files
[1.552s] DEBUG:colcon.colcon_core.event_handler.log_command:Invoked command in '/home/alyssa/homework3-alyssa225/arm_move' returned '0': PYTHONPATH=/home/alyssa/homework3-alyssa225/install/arm_move/lib/python3.10/site-packages:${PYTHONPATH} /usr/bin/python3 setup.py egg_info --egg-base ../build/arm_move build --build-base /home/alyssa/homework3-alyssa225/build/arm_move/build install --prefix /home/alyssa/homework3-alyssa225/install/arm_move --record /home/alyssa/homework3-alyssa225/build/arm_move/install.log --single-version-externally-managed
[1.552s] Level 1:colcon.colcon_core.environment:checking '/home/alyssa/homework3-alyssa225/install/arm_move' for CMake config files
[1.553s] Level 1:colcon.colcon_core.environment:checking '/home/alyssa/homework3-alyssa225/install/arm_move/lib'
[1.553s] Level 1:colcon.colcon_core.environment:checking '/home/alyssa/homework3-alyssa225/install/arm_move/bin'
[1.553s] Level 1:colcon.colcon_core.environment:checking '/home/alyssa/homework3-alyssa225/install/arm_move/lib/pkgconfig/arm_move.pc'
[1.553s] Level 1:colcon.colcon_core.environment:checking '/home/alyssa/homework3-alyssa225/install/arm_move/lib/python3.10/site-packages'
[1.553s] Level 1:colcon.colcon_core.shell:create_environment_hook('arm_move', 'pythonpath')
[1.554s] INFO:colcon.colcon_core.shell:Creating environment hook '/home/alyssa/homework3-alyssa225/install/arm_move/share/arm_move/hook/pythonpath.ps1'
[1.555s] INFO:colcon.colcon_core.shell:Creating environment descriptor '/home/alyssa/homework3-alyssa225/install/arm_move/share/arm_move/hook/pythonpath.dsv'
[1.555s] INFO:colcon.colcon_core.shell:Creating environment hook '/home/alyssa/homework3-alyssa225/install/arm_move/share/arm_move/hook/pythonpath.sh'
[1.555s] Level 1:colcon.colcon_core.environment:checking '/home/alyssa/homework3-alyssa225/install/arm_move/bin'
[1.555s] Level 1:colcon.colcon_core.environment:create_environment_scripts_only(arm_move)
[1.557s] INFO:colcon.colcon_core.shell:Creating package script '/home/alyssa/homework3-alyssa225/install/arm_move/share/arm_move/package.ps1'
[1.557s] INFO:colcon.colcon_core.shell:Creating package descriptor '/home/alyssa/homework3-alyssa225/install/arm_move/share/arm_move/package.dsv'
[1.557s] INFO:colcon.colcon_core.shell:Creating package script '/home/alyssa/homework3-alyssa225/install/arm_move/share/arm_move/package.sh'
[1.558s] INFO:colcon.colcon_core.shell:Creating package script '/home/alyssa/homework3-alyssa225/install/arm_move/share/arm_move/package.bash'
[1.558s] INFO:colcon.colcon_core.shell:Creating package script '/home/alyssa/homework3-alyssa225/install/arm_move/share/arm_move/package.zsh'
[1.558s] Level 1:colcon.colcon_core.environment:create_file_with_runtime_dependencies(/home/alyssa/homework3-alyssa225/install/arm_move/share/colcon-core/packages/arm_move)
[1.558s] DEBUG:colcon.colcon_parallel_executor.executor.parallel:closing loop
[1.559s] DEBUG:colcon.colcon_parallel_executor.executor.parallel:loop closed
[1.559s] DEBUG:colcon.colcon_parallel_executor.executor.parallel:run_until_complete finished with '0'
[1.559s] DEBUG:colcon.colcon_core.event_reactor:joining thread
[1.565s] INFO:colcon.colcon_core.plugin_system:Skipping extension 'colcon_notification.desktop_notification.terminal_notifier': Not used on non-Darwin systems
[1.566s] INFO:colcon.colcon_core.plugin_system:Skipping extension 'colcon_notification.desktop_notification.win32': Not used on non-Windows systems
[1.566s] INFO:colcon.colcon_notification.desktop_notification:Sending desktop notification using 'notify2'
[1.577s] DEBUG:colcon.colcon_core.event_reactor:joined thread
[1.579s] INFO:colcon.colcon_core.shell:Creating prefix script '/home/alyssa/homework3-alyssa225/install/local_setup.ps1'
[1.580s] INFO:colcon.colcon_core.shell:Creating prefix util module '/home/alyssa/homework3-alyssa225/install/_local_setup_util_ps1.py'
[1.581s] INFO:colcon.colcon_core.shell:Creating prefix chain script '/home/alyssa/homework3-alyssa225/install/setup.ps1'
[1.583s] INFO:colcon.colcon_core.shell:Creating prefix script '/home/alyssa/homework3-alyssa225/install/local_setup.sh'
[1.583s] INFO:colcon.colcon_core.shell:Creating prefix util module '/home/alyssa/homework3-alyssa225/install/_local_setup_util_sh.py'
[1.584s] INFO:colcon.colcon_core.shell:Creating prefix chain script '/home/alyssa/homework3-alyssa225/install/setup.sh'
[1.585s] INFO:colcon.colcon_core.shell:Creating prefix script '/home/alyssa/homework3-alyssa225/install/local_setup.bash'
[1.586s] INFO:colcon.colcon_core.shell:Creating prefix chain script '/home/alyssa/homework3-alyssa225/install/setup.bash'
[1.587s] INFO:colcon.colcon_core.shell:Creating prefix script '/home/alyssa/homework3-alyssa225/install/local_setup.zsh'
[1.588s] INFO:colcon.colcon_core.shell:Creating prefix chain script '/home/alyssa/homework3-alyssa225/install/setup.zsh'
