[0.822s] Invoking command in '/home/alyssa/homework3-alyssa225/diff_drive': PYTHONPATH=/home/alyssa/homework3-alyssa225/install/diff_drive/lib/python3.10/site-packages:${PYTHONPATH} /usr/bin/python3 setup.py egg_info --egg-base ../build/diff_drive build --build-base /home/alyssa/homework3-alyssa225/build/diff_drive/build install --prefix /home/alyssa/homework3-alyssa225/install/diff_drive --record /home/alyssa/homework3-alyssa225/build/diff_drive/install.log --single-version-externally-managed
[1.060s] running egg_info
[1.060s] writing ../build/diff_drive/diff_drive.egg-info/PKG-INFO
[1.061s] writing dependency_links to ../build/diff_drive/diff_drive.egg-info/dependency_links.txt
[1.061s] writing entry points to ../build/diff_drive/diff_drive.egg-info/entry_points.txt
[1.061s] writing requirements to ../build/diff_drive/diff_drive.egg-info/requires.txt
[1.061s] writing top-level names to ../build/diff_drive/diff_drive.egg-info/top_level.txt
[1.064s] reading manifest file '../build/diff_drive/diff_drive.egg-info/SOURCES.txt'
[1.065s] writing manifest file '../build/diff_drive/diff_drive.egg-info/SOURCES.txt'
[1.065s] running build
[1.065s] running build_py
[1.066s] running install
[1.066s] /usr/lib/python3/dist-packages/setuptools/command/install.py:34: SetuptoolsDeprecationWarning: setup.py install is deprecated. Use build and pip and other standards-based tools.
[1.067s]   warnings.warn(
[1.067s] running install_lib
[1.068s] running install_data
[1.069s] running install_egg_info
[1.070s] removing '/home/alyssa/homework3-alyssa225/install/diff_drive/lib/python3.10/site-packages/diff_drive-0.0.0-py3.10.egg-info' (and everything under it)
[1.071s] Copying ../build/diff_drive/diff_drive.egg-info to /home/alyssa/homework3-alyssa225/install/diff_drive/lib/python3.10/site-packages/diff_drive-0.0.0-py3.10.egg-info
[1.072s] running install_scripts
[1.092s] Installing turtle_robot script to /home/alyssa/homework3-alyssa225/install/diff_drive/lib/diff_drive
[1.092s] writing list of installed files to '/home/alyssa/homework3-alyssa225/build/diff_drive/install.log'
[1.125s] Invoked command in '/home/alyssa/homework3-alyssa225/diff_drive' returned '0': PYTHONPATH=/home/alyssa/homework3-alyssa225/install/diff_drive/lib/python3.10/site-packages:${PYTHONPATH} /usr/bin/python3 setup.py egg_info --egg-base ../build/diff_drive build --build-base /home/alyssa/homework3-alyssa225/build/diff_drive/build install --prefix /home/alyssa/homework3-alyssa225/install/diff_drive --record /home/alyssa/homework3-alyssa225/build/diff_drive/install.log --single-version-externally-managed
